2023-03-11 22:05:13,042 [INFO] Activator:176 - 


2023-03-11 22:05:13,042 [INFO] Activator:177 - !SESSION log4j initialized
2023-03-11 22:05:14,909 [INFO] LogOutputStream:77 - [STDOUT_REDIRECT] 
2023-03-11 22:05:34,789 [ERROR] LogOutputStream:75 - [STDERR_REDIRECT] SLF4J: Failed to load class "org.slf4j.impl.StaticLoggerBinder".
2023-03-11 22:05:34,789 [ERROR] LogOutputStream:75 - [STDERR_REDIRECT] SLF4J: Defaulting to no-operation (NOP) logger implementation
2023-03-11 22:05:34,789 [ERROR] LogOutputStream:75 - [STDERR_REDIRECT] SLF4J: See http://www.slf4j.org/codes.html#StaticLoggerBinder for further details.
2023-03-11 22:05:49,976 [INFO] ApplicationProperties:184 - Using Application install path: D:\050_STM32\CubeIDE\STM32CubeIDE\plugins\com.st.stm32cube.common.mx_6.8.0.202302231600
2023-03-11 22:05:49,983 [INFO] DbMcusXml:78 - Set database path to: D:\050_STM32\CubeIDE\STM32CubeIDE\plugins\com.st.stm32cube.common.mx_6.8.0.202302231600\\db\/mcu/
2023-03-11 22:05:49,983 [INFO] ApiDb:274 - Set plugin database path to: D:\050_STM32\CubeIDE\STM32CubeIDE\plugins\com.st.stm32cube.common.mx_6.8.0.202302231600\\db\/plugins/boardmanager/
2023-03-11 22:05:49,983 [WARN] ApiDb:259 - Overriding images path with different value:  => D:\050_STM32\CubeIDE\STM32CubeIDE\plugins\com.st.stm32cube.common.mx_6.8.0.202302231600\\db\/plugins/mcufinder/images/
2023-03-11 22:05:49,999 [INFO] ApiDb:250 - Set database path to: C:\Users\ZoMbiE\.stmcufinder\plugins\mcufinder//mcu/
2023-03-11 22:05:49,999 [INFO] DbMcusAds:125 - Set database path to: C:\Users\ZoMbiE\.stmcufinder\plugins\mcufinder//mcu/
2023-03-11 22:05:50,015 [INFO] CrossReferenceDbSqlite:203 - Set database path to: C:\Users\ZoMbiE\.stmcufinder\plugins\mcufinder//mcu/cs/
2023-03-11 22:05:50,109 [INFO] RulesReader:64 - Compatibility file has been processed (293 Rules)
2023-03-11 22:05:50,188 [INFO] DbMcusXml:78 - Set database path to: D:\050_STM32\CubeIDE\STM32CubeIDE\plugins\com.st.stm32cube.common.mx_6.8.0.202302231600\\db\/mcu/
2023-03-11 22:05:50,188 [INFO] ApiDb:274 - Set plugin database path to: D:\050_STM32\CubeIDE\STM32CubeIDE\plugins\com.st.stm32cube.common.mx_6.8.0.202302231600\\db\/plugins/boardmanager/
2023-03-11 22:05:50,188 [INFO] ApiDb:261 - Set plugin images path to: D:\050_STM32\CubeIDE\STM32CubeIDE\plugins\com.st.stm32cube.common.mx_6.8.0.202302231600\\db\/plugins/mcufinder/images/
2023-03-11 22:05:50,188 [WARN] DbFile:41 - Overriding database path with different value: C:\Users\ZoMbiE\.stmcufinder\plugins\mcufinder/ => C:\Users\ZoMbiE\.stmcufinder\plugins\mcufinder
2023-03-11 22:05:50,188 [INFO] ApiDb:250 - Set database path to: C:\Users\ZoMbiE\.stmcufinder\plugins\mcufinder//mcu/
2023-03-11 22:05:50,188 [WARN] DbFile:41 - Overriding database path with different value: C:\Users\ZoMbiE\.stmcufinder\plugins\mcufinder/ => C:\Users\ZoMbiE\.stmcufinder\plugins\mcufinder
2023-03-11 22:05:50,188 [INFO] DbMcusAds:125 - Set database path to: C:\Users\ZoMbiE\.stmcufinder\plugins\mcufinder//mcu/
2023-03-11 22:05:50,188 [WARN] DbFile:41 - Overriding database path with different value: C:\Users\ZoMbiE\.stmcufinder\plugins\mcufinder/ => C:\Users\ZoMbiE\.stmcufinder\plugins\mcufinder
2023-03-11 22:05:50,188 [WARN] DbFile:41 - Overriding database path with different value: C:\Users\ZoMbiE\.stmcufinder\plugins\mcufinder/ => C:\Users\ZoMbiE\.stmcufinder\plugins\mcufinder
2023-03-11 22:05:50,188 [INFO] CrossReferenceDbSqlite:203 - Set database path to: C:\Users\ZoMbiE\.stmcufinder\plugins\mcufinder//mcu/cs/
2023-03-11 22:05:50,250 [INFO] MainPanel:253 - HeapMemory: 330301440
2023-03-11 22:05:50,313 [INFO] DbMcusXml:78 - Set database path to: D:\050_STM32\CubeIDE\STM32CubeIDE\plugins\com.st.stm32cube.common.mx_6.8.0.202302231600\\db\/mcu/
2023-03-11 22:05:50,313 [INFO] ApiDb:274 - Set plugin database path to: D:\050_STM32\CubeIDE\STM32CubeIDE\plugins\com.st.stm32cube.common.mx_6.8.0.202302231600\\db\/plugins/boardmanager/
2023-03-11 22:05:50,313 [INFO] ApiDb:261 - Set plugin images path to: D:\050_STM32\CubeIDE\STM32CubeIDE\plugins\com.st.stm32cube.common.mx_6.8.0.202302231600\\db\/plugins/mcufinder/images/
2023-03-11 22:05:50,313 [WARN] DbFile:41 - Overriding database path with different value: C:\Users\ZoMbiE\.stmcufinder\plugins\mcufinder/ => C:\Users\ZoMbiE\.stmcufinder\plugins\mcufinder
2023-03-11 22:05:50,313 [INFO] ApiDb:250 - Set database path to: C:\Users\ZoMbiE\.stmcufinder\plugins\mcufinder//mcu/
2023-03-11 22:05:50,313 [WARN] DbFile:41 - Overriding database path with different value: C:\Users\ZoMbiE\.stmcufinder\plugins\mcufinder/ => C:\Users\ZoMbiE\.stmcufinder\plugins\mcufinder
2023-03-11 22:05:50,313 [INFO] DbMcusAds:125 - Set database path to: C:\Users\ZoMbiE\.stmcufinder\plugins\mcufinder//mcu/
2023-03-11 22:05:50,313 [WARN] DbFile:41 - Overriding database path with different value: C:\Users\ZoMbiE\.stmcufinder\plugins\mcufinder/ => C:\Users\ZoMbiE\.stmcufinder\plugins\mcufinder
2023-03-11 22:05:50,313 [WARN] DbFile:41 - Overriding database path with different value: C:\Users\ZoMbiE\.stmcufinder\plugins\mcufinder/ => C:\Users\ZoMbiE\.stmcufinder\plugins\mcufinder
2023-03-11 22:05:50,313 [INFO] CrossReferenceDbSqlite:203 - Set database path to: C:\Users\ZoMbiE\.stmcufinder\plugins\mcufinder//mcu/cs/
2023-03-11 22:05:50,329 [INFO] ApplicationProperties:184 - Using Application install path: D:\050_STM32\CubeIDE\STM32CubeIDE\plugins\com.st.stm32cube.common.mx_6.8.0.202302231600
2023-03-11 22:05:50,329 [INFO] PluginManage:196 - Search for loadable plugins [exclusion list=, ]
2023-03-11 22:05:50,329 [INFO] PluginManage:310 - Check plugin analytics
2023-03-11 22:05:50,470 [INFO] AnalyticsPlugin:253 - Accepted Software Licenses: STM32CubeMX.6.6.1,STM32CubeMX.6.7.0,STM32CubeMX.6.8.0
2023-03-11 22:05:50,470 [INFO] AnalyticsPlugin:255 - Accepted CMSIS Pack Licenses: STMicroelectronics.X-CUBE-DISPLAY.2.2.0,STMicroelectronics.X-CUBE-MEMS1.9.3.0,STMicroelectronics.X-CUBE-MEMS1.9.4.0,STMicroelectronics.X-CUBE-DISPLAY.3.0.0,STMicroelectronics.X-CUBE-MEMS1.9.5.0
2023-03-11 22:05:50,470 [INFO] AnalyticsPlugin:257 - Accepted Firmware Licenses: FW.F4.1.27.0,FW.F7.1.17.0,FW.H7.1.10.0
2023-03-11 22:05:50,486 [INFO] PluginManage:359 - Loaded plugin analytics (category:tool,tabindex:-1)
2023-03-11 22:05:50,486 [INFO] PluginManage:310 - Check plugin cadmodel
2023-03-11 22:05:50,486 [INFO] CADModel:105 - Init CAD model plugin
2023-03-11 22:05:50,486 [INFO] PluginManage:359 - Loaded plugin cadmodel (category:power,tabindex:5)
2023-03-11 22:05:50,486 [INFO] PluginManage:310 - Check plugin clock
2023-03-11 22:05:50,486 [INFO] PluginManage:359 - Loaded plugin clock (category:base,tabindex:2)
2023-03-11 22:05:50,486 [INFO] PluginManage:310 - Check plugin ddr
2023-03-11 22:05:50,502 [INFO] PluginManage:359 - Loaded plugin ddr (category:tool,tabindex:6)
2023-03-11 22:05:50,502 [INFO] PluginManage:310 - Check plugin filemanager
2023-03-11 22:05:50,611 [INFO] PluginManage:359 - Loaded plugin filemanager (category:base,tabindex:10)
2023-03-11 22:05:50,611 [INFO] PluginManage:310 - Check plugin ipmanager
2023-03-11 22:05:50,611 [INFO] PluginManage:359 - Loaded plugin ipmanager (category:base,tabindex:5)
2023-03-11 22:05:50,611 [INFO] PluginManage:310 - Check plugin lpbam
2023-03-11 22:05:50,627 [INFO] PluginManage:359 - Loaded plugin lpbam (category:base,tabindex:0)
2023-03-11 22:05:50,627 [INFO] PluginManage:310 - Check plugin pinoutandconfiguration
2023-03-11 22:05:50,627 [INFO] PluginManage:359 - Loaded plugin pinoutandconfiguration (category:base,tabindex:1)
2023-03-11 22:05:50,627 [INFO] PluginManage:310 - Check plugin pinoutconfig
2023-03-11 22:05:50,706 [WARN] SupportedApi:132 - Cannot load RTOS API schema: s4s-elt-must-match.1: The content of 'definitions' must match (annotation?, (simpleType | complexType)?, (unique | key | keyref)*)). A problem was found starting at: attribute.
2023-03-11 22:05:50,816 [INFO] PluginManage:359 - Loaded plugin pinoutconfig (category:base,tabindex:0)
2023-03-11 22:05:50,816 [INFO] PluginManage:310 - Check plugin power
2023-03-11 22:05:50,831 [INFO] PluginManage:359 - Loaded plugin power (category:power,tabindex:4)
2023-03-11 22:05:50,831 [INFO] PluginManage:310 - Check plugin projectmanager
2023-03-11 22:05:50,847 [INFO] PluginManage:359 - Loaded plugin projectmanager (category:projectmanager,tabindex:3)
2023-03-11 22:05:50,847 [INFO] PluginManage:310 - Check plugin thirdparty
2023-03-11 22:05:50,941 [INFO] PluginManage:359 - Loaded plugin thirdparty (category:base,tabindex:-1)
2023-03-11 22:05:50,941 [WARN] IntegrityCheckThread:84 - waiting for thirdparty lock release [integrity check]
2023-03-11 22:05:50,941 [INFO] PluginManage:310 - Check plugin tools
2023-03-11 22:05:50,941 [INFO] IntegrityCheckThread:86 - entering critical section [integrity check]
2023-03-11 22:05:50,941 [INFO] PluginManage:359 - Loaded plugin tools (category:base,tabindex:7)
2023-03-11 22:05:50,941 [INFO] PluginManage:310 - Check plugin tutovideos
2023-03-11 22:05:50,941 [INFO] ThirdPartyUpdaterWithRetryManager:70 - Updater plugin not ready yet. [1/15]
2023-03-11 22:05:51,078 [INFO] PluginManage:359 - Loaded plugin tutovideos (category:base,tabindex:-1)
2023-03-11 22:05:51,078 [INFO] PluginManage:310 - Check plugin updater
2023-03-11 22:05:51,083 [INFO] PluginManage:359 - Loaded plugin updater (category:base,tabindex:12)
2023-03-11 22:05:51,083 [INFO] PluginManage:283 - PluginManage : Loaded plugins [15]
2023-03-11 22:05:51,302 [INFO] PinOutPanel:1499 - setPackage(No Configuration,No Configuration)
2023-03-11 22:05:51,349 [INFO] CADModel:165 - CPN selected for project level
2023-03-11 22:05:51,349 [INFO] CADModel:114 - Register for checkConnection events
2023-03-11 22:05:51,381 [INFO] IPUIPlugin:80 - create IPUIPlugin
2023-03-11 22:05:51,381 [INFO] PluginManager:220 - loadIPPluginJar : add adc
2023-03-11 22:05:51,381 [INFO] IPUIPlugin:80 - create IPUIPlugin
2023-03-11 22:05:51,381 [INFO] PluginManager:220 - loadIPPluginJar : add aes
2023-03-11 22:05:51,396 [INFO] IPUIPlugin:80 - create IPUIPlugin
2023-03-11 22:05:51,396 [INFO] PluginManager:220 - loadIPPluginJar : add can
2023-03-11 22:05:51,396 [INFO] IPUIPlugin:80 - create IPUIPlugin
2023-03-11 22:05:51,396 [INFO] PluginManager:220 - loadIPPluginJar : add comp
2023-03-11 22:05:51,396 [INFO] IPUIPlugin:80 - create IPUIPlugin
2023-03-11 22:05:51,396 [INFO] PluginManager:220 - loadIPPluginJar : add cryp
2023-03-11 22:05:51,396 [INFO] IPUIPlugin:80 - create IPUIPlugin
2023-03-11 22:05:51,396 [INFO] PluginManager:220 - loadIPPluginJar : add dfsdm
2023-03-11 22:05:51,396 [INFO] IPUIPlugin:80 - create IPUIPlugin
2023-03-11 22:05:51,396 [INFO] PluginManager:220 - loadIPPluginJar : add dma
2023-03-11 22:05:51,396 [INFO] IPUIPlugin:80 - create IPUIPlugin
2023-03-11 22:05:51,396 [INFO] PluginManager:220 - loadIPPluginJar : add dma3
2023-03-11 22:05:51,396 [INFO] IPUIPlugin:80 - create IPUIPlugin
2023-03-11 22:05:51,412 [INFO] PluginManager:220 - loadIPPluginJar : add fatfs
2023-03-11 22:05:51,412 [INFO] IPUIPlugin:80 - create IPUIPlugin
2023-03-11 22:05:51,412 [INFO] PluginManager:220 - loadIPPluginJar : add fmc
2023-03-11 22:05:51,412 [INFO] IPUIPlugin:80 - create IPUIPlugin
2023-03-11 22:05:51,412 [INFO] PluginManager:220 - loadIPPluginJar : add freertos
2023-03-11 22:05:51,412 [INFO] IPUIPlugin:80 - create IPUIPlugin
2023-03-11 22:05:51,412 [INFO] PluginManager:220 - loadIPPluginJar : add genericplugin
2023-03-11 22:05:51,412 [INFO] IPUIPlugin:80 - create IPUIPlugin
2023-03-11 22:05:51,412 [INFO] PluginManager:220 - loadIPPluginJar : add gfxmmu
2023-03-11 22:05:51,412 [INFO] IPUIPlugin:80 - create IPUIPlugin
2023-03-11 22:05:51,412 [INFO] PluginManager:220 - loadIPPluginJar : add gic
2023-03-11 22:05:51,412 [INFO] IPUIPlugin:80 - create IPUIPlugin
2023-03-11 22:05:51,412 [INFO] PluginManager:220 - loadIPPluginJar : add gpio
2023-03-11 22:05:51,428 [INFO] IPUIPlugin:80 - create IPUIPlugin
2023-03-11 22:05:51,428 [INFO] PluginManager:220 - loadIPPluginJar : add gtzc
2023-03-11 22:05:51,428 [INFO] IPUIPlugin:80 - create IPUIPlugin
2023-03-11 22:05:51,428 [INFO] PluginManager:220 - loadIPPluginJar : add hash
2023-03-11 22:05:51,428 [INFO] IPUIPlugin:80 - create IPUIPlugin
2023-03-11 22:05:51,428 [INFO] PluginManager:220 - loadIPPluginJar : add i2c
2023-03-11 22:05:51,428 [INFO] IPUIPlugin:80 - create IPUIPlugin
2023-03-11 22:05:51,428 [INFO] PluginManager:220 - loadIPPluginJar : add i2s
2023-03-11 22:05:51,428 [INFO] IPUIPlugin:80 - create IPUIPlugin
2023-03-11 22:05:51,428 [INFO] PluginManager:220 - loadIPPluginJar : add i3c
2023-03-11 22:05:51,428 [INFO] IPUIPlugin:80 - create IPUIPlugin
2023-03-11 22:05:51,428 [INFO] PluginManager:220 - loadIPPluginJar : add ipddr
2023-03-11 22:05:51,443 [INFO] IPUIPlugin:80 - create IPUIPlugin
2023-03-11 22:05:51,443 [INFO] PluginManager:220 - loadIPPluginJar : add linkedlist
2023-03-11 22:05:51,443 [INFO] IPUIPlugin:80 - create IPUIPlugin
2023-03-11 22:05:51,443 [INFO] PluginManager:220 - loadIPPluginJar : add lorawan
2023-03-11 22:05:51,443 [INFO] IPUIPlugin:80 - create IPUIPlugin
2023-03-11 22:05:51,443 [INFO] PluginManager:220 - loadIPPluginJar : add ltdc
2023-03-11 22:05:51,443 [INFO] IPUIPlugin:80 - create IPUIPlugin
2023-03-11 22:05:51,443 [INFO] PluginManager:220 - loadIPPluginJar : add mdma
2023-03-11 22:05:51,443 [INFO] IPUIPlugin:80 - create IPUIPlugin
2023-03-11 22:05:51,443 [INFO] PluginManager:220 - loadIPPluginJar : add nvic
2023-03-11 22:05:51,443 [INFO] IPUIPlugin:80 - create IPUIPlugin
2023-03-11 22:05:51,443 [INFO] PluginManager:220 - loadIPPluginJar : add opamp
2023-03-11 22:05:51,443 [INFO] IPUIPlugin:80 - create IPUIPlugin
2023-03-11 22:05:51,443 [INFO] PluginManager:220 - loadIPPluginJar : add openamp
2023-03-11 22:05:51,443 [INFO] IPUIPlugin:80 - create IPUIPlugin
2023-03-11 22:05:51,443 [INFO] PluginManager:220 - loadIPPluginJar : add pdm2pcm
2023-03-11 22:05:51,459 [INFO] IPUIPlugin:80 - create IPUIPlugin
2023-03-11 22:05:51,459 [INFO] PluginManager:220 - loadIPPluginJar : add plateformsettings
2023-03-11 22:05:51,459 [INFO] IPUIPlugin:80 - create IPUIPlugin
2023-03-11 22:05:51,459 [INFO] PluginManager:220 - loadIPPluginJar : add quadspi
2023-03-11 22:05:51,459 [INFO] IPUIPlugin:80 - create IPUIPlugin
2023-03-11 22:05:51,459 [INFO] PluginManager:220 - loadIPPluginJar : add resmgrutility
2023-03-11 22:05:51,459 [INFO] IPUIPlugin:80 - create IPUIPlugin
2023-03-11 22:05:51,459 [INFO] PluginManager:220 - loadIPPluginJar : add sai
2023-03-11 22:05:51,459 [INFO] IPUIPlugin:80 - create IPUIPlugin
2023-03-11 22:05:51,459 [INFO] PluginManager:220 - loadIPPluginJar : add spi
2023-03-11 22:05:51,459 [INFO] IPUIPlugin:80 - create IPUIPlugin
2023-03-11 22:05:51,459 [INFO] PluginManager:220 - loadIPPluginJar : add stm32_wpan
2023-03-11 22:05:51,459 [INFO] IPUIPlugin:80 - create IPUIPlugin
2023-03-11 22:05:51,459 [INFO] PluginManager:220 - loadIPPluginJar : add tim
2023-03-11 22:05:51,479 [INFO] IPUIPlugin:80 - create IPUIPlugin
2023-03-11 22:05:51,479 [INFO] PluginManager:220 - loadIPPluginJar : add touchsensing
2023-03-11 22:05:51,479 [INFO] IPUIPlugin:80 - create IPUIPlugin
2023-03-11 22:05:51,479 [INFO] PluginManager:220 - loadIPPluginJar : add tracer_emb
2023-03-11 22:05:51,479 [INFO] IPUIPlugin:80 - create IPUIPlugin
2023-03-11 22:05:51,479 [INFO] PluginManager:220 - loadIPPluginJar : add ts
2023-03-11 22:05:51,479 [INFO] IPUIPlugin:80 - create IPUIPlugin
2023-03-11 22:05:51,479 [INFO] PluginManager:220 - loadIPPluginJar : add tsc
2023-03-11 22:05:51,479 [INFO] IPUIPlugin:80 - create IPUIPlugin
2023-03-11 22:05:51,479 [INFO] PluginManager:220 - loadIPPluginJar : add ucpd
2023-03-11 22:05:51,479 [INFO] IPUIPlugin:80 - create IPUIPlugin
2023-03-11 22:05:51,479 [INFO] PluginManager:220 - loadIPPluginJar : add usart
2023-03-11 22:05:51,491 [INFO] IPUIPlugin:80 - create IPUIPlugin
2023-03-11 22:05:51,491 [INFO] PluginManager:220 - loadIPPluginJar : add usbx
2023-03-11 22:05:51,609 [INFO] CADModel:165 - CPN selected for project level
2023-03-11 22:05:51,609 [INFO] CADModel:114 - Register for checkConnection events
2023-03-11 22:05:51,609 [FATAL] Updater:308 - Updater called before beeing initialized
2023-03-11 22:05:51,609 [ERROR] CADModel:125 - Updater not yet initialized, retry later 
2023-03-11 22:05:51,719 [INFO] CADModel:165 - CPN selected for project level
2023-03-11 22:05:51,719 [INFO] CADModel:114 - Register for checkConnection events
2023-03-11 22:05:51,719 [FATAL] Updater:308 - Updater called before beeing initialized
2023-03-11 22:05:51,719 [ERROR] CADModel:125 - Updater not yet initialized, retry later 
2023-03-11 22:05:51,719 [FATAL] Updater:308 - Updater called before beeing initialized
2023-03-11 22:05:51,828 [FATAL] Updater:308 - Updater called before beeing initialized
2023-03-11 22:05:51,844 [INFO] DbMcusAds:53 - JSON generation date=Tue Mar 07 09:50:55 CET 2023 (1678179055335)
2023-03-11 22:05:51,844 [FATAL] Updater:308 - Updater called before beeing initialized
2023-03-11 22:05:51,891 [WARN] DetailPanel:346 - Failed to get advertising image, set to default
2023-03-11 22:05:52,001 [FATAL] Updater:308 - Updater called before beeing initialized
2023-03-11 22:05:52,001 [FATAL] Updater:308 - Updater called before beeing initialized
2023-03-11 22:05:52,001 [FATAL] Updater:308 - Updater called before beeing initialized
2023-03-11 22:05:52,001 [WARN] DetailPanel:346 - Failed to get advertising image, set to default
2023-03-11 22:05:52,001 [FATAL] Updater:308 - Updater called before beeing initialized
2023-03-11 22:05:52,048 [ERROR] Updater:1120 - MainUpdater not yet initialized. External WinMGr cannot be set.
2023-03-11 22:05:52,048 [INFO] Updater:1056 - Updater Version found : 6.8.0
2023-03-11 22:05:52,080 [INFO] ApplicationProperties:184 - Using Application install path: D:\050_STM32\CubeIDE\STM32CubeIDE\plugins\com.st.stm32cube.common.mx_6.8.0.202302231600
2023-03-11 22:05:52,362 [INFO] MainUpdater:2854 - connection check result : 10
2023-03-11 22:05:52,362 [INFO] MainUpdater:283 - Updater Check For Update Now.
2023-03-11 22:05:52,362 [INFO] MicroXplorer:498 - Change Database Version : DB.6.0.80
2023-03-11 22:05:52,534 [INFO] CheckServerUpdateThread:120 - End of CheckServer Thread
2023-03-11 22:05:52,581 [INFO] MainUpdater:2854 - connection check result : 10
2023-03-11 22:05:52,581 [INFO] MainUpdater:2854 - connection check result : 10
2023-03-11 22:05:52,613 [INFO] MicroXplorer:468 - Change Database Path : 
2023-03-11 22:05:52,613 [INFO] MicroXplorer:498 - Change Database Version : DB.6.0.80
2023-03-11 22:05:52,613 [WARN] ThirdParty:871 - waiting for thirdparty lock release [close project]
2023-03-11 22:05:54,042 [WARN] PackLoader:240 - Cannot read IP mode file for STMicroelectronics.X-CUBE-GNSS1.6.0.0
2023-03-11 22:05:54,083 [WARN] PackLoader:240 - Cannot read IP mode file for STMicroelectronics.X-CUBE-AZRTOS-F4.1.1.0
2023-03-11 22:05:54,094 [WARN] PackLoader:240 - Cannot read IP mode file for STMicroelectronics.X-CUBE-AZRTOS-F7.1.1.0
2023-03-11 22:05:54,105 [WARN] PackLoader:240 - Cannot read IP mode file for STMicroelectronics.X-CUBE-BLE1.6.2.4
2023-03-11 22:05:54,121 [WARN] PackLoader:240 - Cannot read IP mode file for emotas.I-CUBE-CANOPEN.1.1.3
2023-03-11 22:05:54,121 [WARN] PackLoader:240 - Cannot read IP mode file for STMicroelectronics.X-CUBE-BLEMGR.2.0.0
2023-03-11 22:05:54,136 [WARN] PackLoader:240 - Cannot read IP mode file for STMicroelectronics.X-CUBE-NFC4.2.0.5
2023-03-11 22:05:54,152 [WARN] PackLoader:240 - Cannot read IP mode file for STMicroelectronics.X-CUBE-DISPLAY.3.0.0
2023-03-11 22:05:54,309 [WARN] PackLoader:240 - Cannot read IP mode file for wolfSSL.I-CUBE-wolfSSL.5.5.3
2023-03-11 22:05:54,309 [WARN] PackLoader:240 - Cannot read IP mode file for wolfSSL.I-CUBE-wolfSSL.5.5.4
2023-03-11 22:05:54,309 [WARN] PackLoader:240 - Cannot read IP mode file for STMicroelectronics.X-CUBE-NFC7.1.0.0
2023-03-11 22:05:54,383 [WARN] PackLoader:240 - Cannot read IP mode file for STMicroelectronics.X-CUBE-MEMS1.9.3.0
2023-03-11 22:05:54,670 [WARN] PackLoader:240 - Cannot read IP mode file for STMicroelectronics.X-CUBE-EEPRMA1.4.1.0
2023-03-11 22:05:54,686 [WARN] PackLoader:240 - Cannot read IP mode file for WES.I-CUBE-Cesium.1.3.0
2023-03-11 22:05:54,686 [WARN] PackLoader:240 - Cannot read IP mode file for STMicroelectronics.X-CUBE-SFXS2LP1.4.0.0
2023-03-11 22:05:54,686 [WARN] PackLoader:240 - Cannot read IP mode file for STMicroelectronics.X-CUBE-BLE2.3.3.0
2023-03-11 22:05:54,701 [WARN] PackLoader:240 - Cannot read IP mode file for STMicroelectronics.X-CUBE-DISPLAY.2.2.0
2023-03-11 22:05:54,748 [WARN] PackLoader:240 - Cannot read IP mode file for STMicroelectronics.X-CUBE-TOF1.3.2.0
2023-03-11 22:05:54,779 [WARN] PackLoader:240 - Cannot read IP mode file for STMicroelectronics.X-CUBE-AZRTOS-H7.3.0.0
2023-03-11 22:05:54,784 [WARN] PackLoader:240 - Cannot read IP mode file for STMicroelectronics.X-CUBE-ISPU.1.1.0
2023-03-11 22:05:54,784 [WARN] PackLoader:240 - Cannot read IP mode file for RoweBots.I-CUBE-UNISONRTOS.5.5.0-4
2023-03-11 22:05:54,795 [WARN] PackLoader:240 - Cannot read IP mode file for STMicroelectronics.X-CUBE-AI.8.0.0
2023-03-11 22:05:54,795 [WARN] PackLoader:240 - Cannot read IP mode file for STMicroelectronics.X-CUBE-FREERTOS.1.0.0
2023-03-11 22:05:54,795 [WARN] PackLoader:240 - Cannot read IP mode file for STMicroelectronics.X-CUBE-TOUCHGFX.4.21.1
2023-03-11 22:05:54,795 [WARN] PackLoader:240 - Cannot read IP mode file for STMicroelectronics.X-CUBE-TOUCHGFX.4.21.0
2023-03-11 22:05:54,842 [WARN] PackLoader:240 - Cannot read IP mode file for STMicroelectronics.X-CUBE-MEMS1.9.4.0
2023-03-11 22:05:55,049 [WARN] PackLoader:240 - Cannot read IP mode file for STMicroelectronics.X-CUBE-AI.7.3.0
2023-03-11 22:05:55,049 [WARN] PackLoader:240 - Cannot read IP mode file for STMicroelectronics.X-CUBE-ALGOBUILD.1.3.0
2023-03-11 22:05:55,062 [WARN] PackLoader:240 - Cannot read IP mode file for STMicroelectronics.X-CUBE-AZRTOS-L5.1.1.0
2023-03-11 22:05:55,078 [WARN] PackLoader:240 - Cannot read IP mode file for STMicroelectronics.X-CUBE-AZRTOS-G0.1.1.0
2023-03-11 22:05:55,084 [WARN] PackLoader:240 - Cannot read IP mode file for STMicroelectronics.X-CUBE-SUBG2.5.0.0
2023-03-11 22:05:55,094 [WARN] PackLoader:240 - Cannot read IP mode file for STMicroelectronics.X-CUBE-NFC4.3.0.0
2023-03-11 22:05:55,094 [WARN] PackLoader:240 - Cannot read IP mode file for STMicroelectronics.FP-ATR-ASTRA1.1.1.1
2023-03-11 22:05:55,094 [WARN] PackLoader:240 - Cannot read IP mode file for STMicroelectronics.X-CUBE-BLEMGR.1.3.0
2023-03-11 22:05:55,109 [WARN] PackLoader:240 - Cannot read IP mode file for STMicroelectronics.X-CUBE-AZRTOS-G4.1.0.0
2023-03-11 22:05:55,109 [WARN] PackLoader:240 - Cannot read IP mode file for STMicroelectronics.FP-ATR-SIGFOX1.3.2.0
2023-03-11 22:05:55,125 [WARN] PackLoader:240 - Cannot read IP mode file for STMicroelectronics.X-CUBE-AZRTOS-L4.1.0.0
2023-03-11 22:05:55,141 [WARN] PackLoader:240 - Cannot read IP mode file for STMicroelectronics.X-CUBE-AZRTOS-WL.1.0.0
2023-03-11 22:05:55,141 [WARN] PackLoader:240 - Cannot read IP mode file for portGmbH.I-Cube-SoM-uGOAL.1.1.0
2023-03-11 22:05:55,141 [WARN] PackLoader:240 - Cannot read IP mode file for STMicroelectronics.X-CUBE-ALS.1.0.1
2023-03-11 22:05:55,188 [WARN] PackLoader:240 - Cannot read IP mode file for STMicroelectronics.X-CUBE-MEMS1.9.5.0
2023-03-11 22:05:55,345 [WARN] PackLoader:240 - Cannot read IP mode file for STMicroelectronics.X-CUBE-AZRTOS-WB.1.1.0
2023-03-11 22:05:55,376 [WARN] PackLoader:240 - Cannot read IP mode file for SEGGER.I-CUBE-embOS.1.3.1
2023-03-11 22:05:55,423 [WARN] PackLoader:240 - Cannot read IP mode file for SEGGER.I-CUBE-embOS.1.3.0
2023-03-11 22:05:55,439 [INFO] ThirdParty:978 - Integrity check success = true
2023-03-11 22:05:55,439 [INFO] IntegrityCheckThread:100 - exiting critical section [integrity check]
2023-03-11 22:05:55,439 [INFO] IntegrityCheckThread:103 - End integrity checks thread
2023-03-11 22:05:55,439 [INFO] ThirdParty:873 - entering critical section [close project]
2023-03-11 22:05:55,439 [INFO] ThirdParty:883 - exiting critical section [close project]
2023-03-11 22:05:55,454 [INFO] PinOutPanel:1499 - setPackage(No Configuration,No Configuration)
2023-03-11 22:05:55,454 [INFO] UtilMem:75 - Begin LoadConfig() Used Memory: 394600584 Bytes (531628032)
2023-03-11 22:05:55,454 [INFO] MicroXplorer:468 - Change Database Path : 
2023-03-11 22:05:55,454 [INFO] MicroXplorer:498 - Change Database Version : DB.6.0.80
2023-03-11 22:05:55,454 [INFO] OpenFileManager:308 - Change cursor
2023-03-11 22:05:55,486 [INFO] Mcu:1937 - Initializing MCU STM32H745ZITx STM32H745ZITx STM32H745ZIT3
2023-03-11 22:05:58,435 [INFO] Context:659 - Trying to add GPIOservice into a context  which must be forbidden
2023-03-11 22:05:58,435 [INFO] Context:659 - Trying to add GPIOservice into a context  which must be forbidden
2023-03-11 22:06:00,020 [INFO] Context:659 - Trying to add GPIOservice into a context  which must be forbidden
2023-03-11 22:06:00,020 [INFO] Context:659 - Trying to add GPIOservice into a context  which must be forbidden
2023-03-11 22:06:00,318 [INFO] RtosManager:555 - Registered RTOS mode: class=CMSIS, group=RTOS, mode=CMSIS_V1, owner=FREERTOS_M7
2023-03-11 22:06:00,318 [INFO] RtosManager:555 - Registered RTOS mode: class=CMSIS, group=RTOS2, mode=CMSIS_V2, owner=FREERTOS_M7
2023-03-11 22:06:00,318 [INFO] RtosManager:555 - Registered RTOS mode: class=RTOS, group=Core, mode=CMSIS_V1, owner=FREERTOS_M7
2023-03-11 22:06:00,318 [INFO] RtosManager:555 - Registered RTOS mode: class=RTOS, group=Core, mode=CMSIS_V2, owner=FREERTOS_M7
2023-03-11 22:06:00,318 [WARN] ModelIntegratedComponent:184 - Missing modes for component STMicroelectronics:FreeRTOS:0.0.1:STMicroelectronics:RTOS:FreeRTOS:Core:::10.2.0:
2023-03-11 22:06:00,334 [WARN] ModelIntegratedComponent:63 - No mode defined for component null
2023-03-11 22:06:00,334 [WARN] ModelIntegratedComponent:63 - No mode defined for component null
2023-03-11 22:06:00,334 [WARN] ModelIntegratedComponent:63 - No mode defined for component null
2023-03-11 22:06:00,334 [WARN] ModelIntegratedComponent:63 - No mode defined for component null
2023-03-11 22:06:00,334 [WARN] ModelIntegratedComponent:63 - No mode defined for component null
2023-03-11 22:06:00,334 [WARN] ModelIntegratedComponent:63 - No mode defined for component null
2023-03-11 22:06:00,334 [WARN] ModelIntegratedComponent:63 - No mode defined for component null
2023-03-11 22:06:00,334 [WARN] ModelIntegratedComponent:63 - No mode defined for component null
2023-03-11 22:06:00,334 [WARN] ModelIntegratedComponent:63 - No mode defined for component null
2023-03-11 22:06:00,334 [WARN] ModelIntegratedComponent:63 - No mode defined for component null
2023-03-11 22:06:00,334 [WARN] ModelIntegratedComponent:63 - No mode defined for component null
2023-03-11 22:06:00,334 [WARN] ModelIntegratedComponent:63 - No mode defined for component null
2023-03-11 22:06:00,334 [WARN] ModelIntegratedComponent:63 - No mode defined for component null
2023-03-11 22:06:00,334 [WARN] ModelIntegratedComponent:63 - No mode defined for component null
2023-03-11 22:06:00,334 [WARN] ModelIntegratedComponent:63 - No mode defined for component null
2023-03-11 22:06:00,334 [WARN] ModelIntegratedComponent:63 - No mode defined for component null
2023-03-11 22:06:00,334 [WARN] ModelIntegratedComponent:63 - No mode defined for component null
2023-03-11 22:06:00,334 [WARN] ModelIntegratedComponent:63 - No mode defined for component null
2023-03-11 22:06:00,334 [WARN] ModelIntegratedComponent:63 - No mode defined for component null
2023-03-11 22:06:00,334 [WARN] ModelIntegratedComponent:63 - No mode defined for component null
2023-03-11 22:06:00,334 [WARN] ModelIntegratedComponent:63 - No mode defined for component null
2023-03-11 22:06:00,334 [WARN] ModelIntegratedComponent:63 - No mode defined for component null
2023-03-11 22:06:00,334 [WARN] ModelIntegratedComponent:63 - No mode defined for component null
2023-03-11 22:06:00,334 [WARN] ModelIntegratedComponent:63 - No mode defined for component null
2023-03-11 22:06:00,334 [WARN] ModelIntegratedComponent:63 - No mode defined for component null
2023-03-11 22:06:00,334 [WARN] ModelIntegratedComponent:63 - No mode defined for component null
2023-03-11 22:06:00,334 [WARN] ModelIntegratedComponent:63 - No mode defined for component null
2023-03-11 22:06:00,334 [WARN] ModelIntegratedComponent:63 - No mode defined for component null
2023-03-11 22:06:00,334 [WARN] ModelIntegratedComponent:63 - No mode defined for component null
2023-03-11 22:06:00,334 [WARN] ModelIntegratedComponent:63 - No mode defined for component null
2023-03-11 22:06:00,334 [WARN] ModelIntegratedComponent:63 - No mode defined for component null
2023-03-11 22:06:00,334 [WARN] ModelIntegratedComponent:63 - No mode defined for component null
2023-03-11 22:06:00,334 [WARN] ModelIntegratedComponent:63 - No mode defined for component null
2023-03-11 22:06:00,495 [INFO] RtosManager:555 - Registered RTOS mode: class=CMSIS, group=RTOS, mode=CMSIS_V1, owner=FREERTOS_M4
2023-03-11 22:06:00,495 [INFO] RtosManager:555 - Registered RTOS mode: class=CMSIS, group=RTOS2, mode=CMSIS_V2, owner=FREERTOS_M4
2023-03-11 22:06:00,495 [INFO] RtosManager:555 - Registered RTOS mode: class=RTOS, group=Core, mode=CMSIS_V1, owner=FREERTOS_M4
2023-03-11 22:06:00,495 [INFO] RtosManager:555 - Registered RTOS mode: class=RTOS, group=Core, mode=CMSIS_V2, owner=FREERTOS_M4
2023-03-11 22:06:00,495 [WARN] ModelIntegratedComponent:184 - Missing modes for component STMicroelectronics:FreeRTOS:0.0.1:STMicroelectronics:RTOS:FreeRTOS:Core:::10.2.0:
2023-03-11 22:06:00,495 [WARN] ModelIntegratedComponent:63 - No mode defined for component null
2023-03-11 22:06:00,495 [WARN] ModelIntegratedComponent:63 - No mode defined for component null
2023-03-11 22:06:00,495 [WARN] ModelIntegratedComponent:63 - No mode defined for component null
2023-03-11 22:06:00,495 [WARN] ModelIntegratedComponent:63 - No mode defined for component null
2023-03-11 22:06:00,495 [WARN] ModelIntegratedComponent:63 - No mode defined for component null
2023-03-11 22:06:00,495 [WARN] ModelIntegratedComponent:63 - No mode defined for component null
2023-03-11 22:06:00,495 [WARN] ModelIntegratedComponent:63 - No mode defined for component null
2023-03-11 22:06:00,495 [WARN] ModelIntegratedComponent:63 - No mode defined for component null
2023-03-11 22:06:00,495 [WARN] ModelIntegratedComponent:63 - No mode defined for component null
2023-03-11 22:06:00,495 [WARN] ModelIntegratedComponent:63 - No mode defined for component null
2023-03-11 22:06:00,495 [WARN] ModelIntegratedComponent:63 - No mode defined for component null
2023-03-11 22:06:00,495 [WARN] ModelIntegratedComponent:63 - No mode defined for component null
2023-03-11 22:06:00,495 [WARN] ModelIntegratedComponent:63 - No mode defined for component null
2023-03-11 22:06:00,495 [WARN] ModelIntegratedComponent:63 - No mode defined for component null
2023-03-11 22:06:00,495 [WARN] ModelIntegratedComponent:63 - No mode defined for component null
2023-03-11 22:06:00,495 [WARN] ModelIntegratedComponent:63 - No mode defined for component null
2023-03-11 22:06:00,495 [WARN] ModelIntegratedComponent:63 - No mode defined for component null
2023-03-11 22:06:00,495 [WARN] ModelIntegratedComponent:63 - No mode defined for component null
2023-03-11 22:06:00,495 [WARN] ModelIntegratedComponent:63 - No mode defined for component null
2023-03-11 22:06:00,495 [WARN] ModelIntegratedComponent:63 - No mode defined for component null
2023-03-11 22:06:00,495 [WARN] ModelIntegratedComponent:63 - No mode defined for component null
2023-03-11 22:06:00,495 [WARN] ModelIntegratedComponent:63 - No mode defined for component null
2023-03-11 22:06:00,495 [WARN] ModelIntegratedComponent:63 - No mode defined for component null
2023-03-11 22:06:00,495 [WARN] ModelIntegratedComponent:63 - No mode defined for component null
2023-03-11 22:06:00,495 [WARN] ModelIntegratedComponent:63 - No mode defined for component null
2023-03-11 22:06:00,495 [WARN] ModelIntegratedComponent:63 - No mode defined for component null
2023-03-11 22:06:00,495 [WARN] ModelIntegratedComponent:63 - No mode defined for component null
2023-03-11 22:06:00,495 [WARN] ModelIntegratedComponent:63 - No mode defined for component null
2023-03-11 22:06:00,495 [WARN] ModelIntegratedComponent:63 - No mode defined for component null
2023-03-11 22:06:00,495 [WARN] ModelIntegratedComponent:63 - No mode defined for component null
2023-03-11 22:06:00,495 [WARN] ModelIntegratedComponent:63 - No mode defined for component null
2023-03-11 22:06:00,495 [WARN] ModelIntegratedComponent:63 - No mode defined for component null
2023-03-11 22:06:00,495 [WARN] ModelIntegratedComponent:63 - No mode defined for component null
2023-03-11 22:06:00,616 [INFO] ThirdPartyModel:298 - Start build external matchings
2023-03-11 22:06:01,071 [INFO] ThirdPartyModel:316 - End build external matchings
2023-03-11 22:06:01,087 [INFO] ThirdPartyModel:298 - Start build external matchings
2023-03-11 22:06:01,542 [INFO] ThirdPartyModel:316 - End build external matchings
2023-03-11 22:06:01,542 [INFO] ImportTextPane:194 - (OptionalMessage_ERROR) IP (RCC) : Parameter (DFSDMACLkFreq_Value) has invalid value (480000000)
2023-03-11 22:06:01,558 [INFO] ImportTextPane:194 - (OptionalMessage_ERROR) IP (RCC) : Parameter (FDCANFreq_Value) has invalid value (480000000)
2023-03-11 22:06:01,558 [INFO] ImportTextPane:194 - (OptionalMessage_ERROR) IP (RCC) : Invalid parameter (FamilyName)
2023-03-11 22:06:01,558 [INFO] ImportTextPane:194 - (OptionalMessage_ERROR) IP (RCC) : Parameter (SAI1Freq_Value) has invalid value (480000000)
2023-03-11 22:06:01,558 [INFO] ImportTextPane:194 - (OptionalMessage_ERROR) IP (RCC) : Parameter (SAI23Freq_Value) has invalid value (480000000)
2023-03-11 22:06:01,558 [INFO] ImportTextPane:194 - (OptionalMessage_ERROR) IP (RCC) : Parameter (SAI4AFreq_Value) has invalid value (480000000)
2023-03-11 22:06:01,558 [INFO] ImportTextPane:194 - (OptionalMessage_ERROR) IP (RCC) : Parameter (SAI4BFreq_Value) has invalid value (480000000)
2023-03-11 22:06:01,558 [INFO] ImportTextPane:194 - (OptionalMessage_ERROR) IP (RCC) : Parameter (SDMMCFreq_Value) has invalid value (480000000)
2023-03-11 22:06:01,558 [INFO] ImportTextPane:194 - (OptionalMessage_ERROR) IP (RCC) : Parameter (SPDIFRXFreq_Value) has invalid value (480000000)
2023-03-11 22:06:01,558 [INFO] ImportTextPane:194 - (OptionalMessage_ERROR) IP (RCC) : Parameter (SPI123Freq_Value) has invalid value (480000000)
2023-03-11 22:06:01,558 [INFO] ImportTextPane:194 - (OptionalMessage_ERROR) IP (RCC) : Parameter (USBFreq_Value) has invalid value (480000000)
2023-03-11 22:06:01,731 [INFO] UtilMem:75 - End LoadConfig() Used Memory: 515201008 Bytes (646971392)
2023-03-11 22:06:01,809 [INFO] ApiDb:581 - Connected to CubeFinder SQLite database (C:\Users\ZoMbiE\.stmcufinder\plugins\mcufinder\mcu\cube-finder-db.db)
2023-03-11 22:06:01,856 [INFO] ApiDb:668 - CubeFinder database Data Model version=2.1
2023-03-11 22:06:01,856 [INFO] ApiDb:669 - CubeFinder database Configuration version=3.0.35
2023-03-11 22:06:01,856 [INFO] ApiDb:670 - CubeFinder database generation date=2023-02-21 (1676964986)
2023-03-11 22:06:01,856 [INFO] ApiDb:671 - CubeFinder database FW Pack versions=[FP-ATR-ASTRA1_V1.1.1, STM32Cube_FW_C0_V1.0.1, STM32Cube_FW_F0_V1.11.4, STM32Cube_FW_F3_V1.11.4, STM32Cube_FW_F4_V1.27.1, STM32Cube_FW_F7_V1.17.0, STM32Cube_FW_G0_V1.6.1, STM32Cube_FW_G4_V1.5.1, STM32Cube_FW_H5_V0.5.1, STM32Cube_FW_H5_V1.0.0, STM32Cube_FW_H7_V1.11.0, STM32Cube_FW_L0_V1.12.2, STM32Cube_FW_L5_V1.5.0, STM32Cube_FW_U5_V1.2.0, STM32Cube_FW_WBA_V1.0.0, STM32Cube_FW_WBA_V1.0.0RC1, STM32Cube_FW_WBA_V1.0.0RC3, STM32Cube_FW_WB_V1.15.0RC1, STM32Cube_FW_WB_V1.16.0, STM32Cube_FW_WB_V1.16.0RC2, STM32Cube_FW_WL_V1.3.0, X-CUBE-ALGOBUILD_V1.3.0, X-CUBE-ALS_V1.0.1, X-CUBE-AZRTOS-F4_V1.1.0, X-CUBE-AZRTOS-F7_V1.1.0, X-CUBE-AZRTOS-G0_V1.1.0, X-CUBE-AZRTOS-G4_V1.0.0, X-CUBE-AZRTOS-H7_V3.0.0, X-CUBE-AZRTOS-L4_V1.0.0, X-CUBE-AZRTOS-L5_V1.1.0, X-CUBE-AZRTOS-WB_V1.1.0, X-CUBE-AZRTOS-WL_V1.0.0, X-CUBE-BLE1_V6.2.4, X-CUBE-BLE2_V3.3.0, X-CUBE-BLEMGR_V1.3.0, X-CUBE-EEPRMA1_V4.1.0, X-CUBE-GNSS1_V6.0.0, X-CUBE-MEMS1_V9.1.0, X-CUBE-MEMS1_V9.4.0, X-CUBE-MEMS1_V9.5.0, X-CUBE-NFC4_V3.0.0, X-CUBE-NFC7_V1.0.0, X-CUBE-SFXS2LP1_V4.0.0, X-CUBE-SUBG2_V5.0.0]
2023-03-11 22:06:03,300 [INFO] ApiDb:240 - Found 297 in-development CPN: [B-G473E-ZEST1S, B-WB1M-WPAN1, B-WL5M-SUBG1, NUCLEO-C031C6, NUCLEO-H503RB, NUCLEO-H563ZI, NUCLEO-U545RE-Q, NUCLEO-U5A5ZJ-Q, NUCLEO-WBA52CG, STEVAL-PROTEUS1, STEVAL-STWINBX1, STM320518-EVAL, STM32C0116-DK, STM32C011D6Y3TR, STM32C011D6Y6TR, STM32C011F4P3, STM32C011F4P6, STM32C011F4U3, STM32C011F4U6TR, STM32C011F6P3, STM32C011F6P6, STM32C011F6U3, STM32C011F6U6TR, STM32C011J4M3, STM32C011J4M6, STM32C011J6M3, STM32C011J6M6, STM32C0316-DK, STM32C031C4T3, STM32C031C4T6, STM32C031C4U3, STM32C031C4U6, STM32C031C6T3, STM32C031C6T6, STM32C031C6U3, STM32C031C6U6, STM32C031F4P3, STM32C031F4P6, STM32C031F6P3, STM32C031F6P6, STM32C031G4U3, STM32C031G4U6, STM32C031G6U3, STM32C031G6U6, STM32C031K4T3, STM32C031K4T6, STM32C031K4U3, STM32C031K4U6, STM32C031K6T3, STM32C031K6T6, STM32C031K6U3, STM32C031K6U6, STM32G071K8TXN, STM32G071K8UXN, STM32G081GBU6N, STM32G081KBT6N, STM32G081KBUXN, STM32G0B1CCT6N, STM32G0B1KCT6, STM32G0B1NEY6TR, STM32G0B1RCT6N, STM32G0C1CCT6, STM32G0C1CCT6N, STM32G0C1CCU6N, STM32G0C1CET6N, STM32G0C1CEU6N, STM32G0C1KCT6, STM32G0C1NEY6TR, STM32G0C1RCI6N, STM32G0C1RCT6N, STM32G0C1REI6N, STM32G0C1RET6N, STM32G0C1VCI6, STM32G0C1VEI6, STM32G471CCT6, STM32G471CCU6, STM32G471CET3, STM32G471CET6, STM32G471CEU3, STM32G471CEU6, STM32G471MCT6, STM32G471MET3, STM32G471MET6, STM32G471MEY6TR, STM32G471QCT6, STM32G471QET3, STM32G471RCT6, STM32G471RET3, STM32G471RET6, STM32G471VCH6, STM32G471VCI6, STM32G471VCT6, STM32G471VEH3, STM32G471VEH6, STM32G471VEI3, STM32G471VEI6, STM32G471VET3, STM32G471VET6, STM32G474CCT6, STM32H503CBT6, STM32H503CBU6, STM32H503EBY6TR, STM32H503KBU6, STM32H503RBT6, STM32H562AGI6, STM32H562AII6, STM32H562IGK6, STM32H562IGT6, STM32H562IIK6, STM32H562IIT6, STM32H562RGT6, STM32H562RGV6, STM32H562RIT6, STM32H562RIV6, STM32H562VGT6, STM32H562VIT6, STM32H562ZGT6, STM32H562ZIT6, STM32H563AGI6, STM32H563AII3Q, STM32H563AII6, STM32H563IGK6, STM32H563IGT6, STM32H563IIK3Q, STM32H563IIK6, STM32H563IIT3Q, STM32H563IIT6, STM32H563MIY3QTR, STM32H563RGT6, STM32H563RGV6, STM32H563RIT6, STM32H563RIV6, STM32H563VGT6, STM32H563VIT3Q, STM32H563VIT6, STM32H563ZGT6, STM32H563ZIT3Q, STM32H563ZIT6, STM32H573AII3Q, STM32H573AII6, STM32H573I-DK, STM32H573IIK3Q, STM32H573IIK6, STM32H573IIT3Q, STM32H573IIT6, STM32H573MIY3QTR, STM32H573RIT6, STM32H573RIV6, STM32H573VIT3Q, STM32H573VIT6, STM32H573ZIT3Q, STM32H573ZIT6, STM32L4R5QGI6STR, STM32MP131AAE3, STM32MP131AAF3, STM32MP131AAG3, STM32MP131CAE3, STM32MP131CAF3, STM32MP131CAG3, STM32MP131DAE7, STM32MP131DAF7, STM32MP131DAG7, STM32MP131FAE7, STM32MP131FAF7, STM32MP131FAG7, STM32MP133AAE3, STM32MP133AAF3, STM32MP133AAG3, STM32MP133CAE3, STM32MP133CAF3, STM32MP133CAG3, STM32MP133DAE7, STM32MP133DAF7, STM32MP133DAG7, STM32MP133FAE7, STM32MP133FAF7, STM32MP133FAG7, STM32MP135AAE3, STM32MP135AAF3, STM32MP135AAG3, STM32MP135CAE3, STM32MP135CAF3, STM32MP135CAG3, STM32MP135DAE7, STM32MP135DAF7, STM32MP135DAG7, STM32MP135F-DK, STM32MP135FAE7, STM32MP135FAF7, STM32MP135FAF7T, STM32MP135FAF7U, STM32MP135FAG7, STM32U535CBT6, STM32U535CBT6Q, STM32U535CBU6, STM32U535CBU6Q, STM32U535CCT6, STM32U535CCT6Q, STM32U535CCU6, STM32U535CCU6Q, STM32U535CET6, STM32U535CET6Q, STM32U535CEU6, STM32U535CEU6Q, STM32U535JEY6QTR, STM32U535NCY6QTR, STM32U535NEY6QTR, STM32U535RBI6, STM32U535RBI6Q, STM32U535RBT6, STM32U535RBT6Q, STM32U535RCI6, STM32U535RCI6Q, STM32U535RCT6, STM32U535RCT6Q, STM32U535REI6, STM32U535REI6Q, STM32U535RET6, STM32U535RET6Q, STM32U535VCI6, STM32U535VCI6Q, STM32U535VCT6, STM32U535VCT6Q, STM32U535VEI6, STM32U535VEI6Q, STM32U535VET6, STM32U535VET6Q, STM32U545CET6, STM32U545CET6Q, STM32U545CEU6, STM32U545CEU6Q, STM32U545JEY6QTR, STM32U545NEY6QTR, STM32U545REI6, STM32U545REI6Q, STM32U545RET6, STM32U545RET6Q, STM32U545VEI6, STM32U545VEI6Q, STM32U545VET6, STM32U545VET6Q, STM32U595AIH6, STM32U595AIH6Q, STM32U595AJH6, STM32U595AJH6Q, STM32U595QII6, STM32U595QII6Q, STM32U595QJI6, STM32U595QJI6Q, STM32U595RIT6, STM32U595RIT6Q, STM32U595RJT6, STM32U595RJT6Q, STM32U595VIT6, STM32U595VIT6Q, STM32U595VJT6, STM32U595VJT6Q, STM32U595ZIT6, STM32U595ZIT6Q, STM32U595ZIY6QTR, STM32U595ZJT6, STM32U595ZJT6Q, STM32U595ZJY6QTR, STM32U599BJY6QTR, STM32U599NIH6Q, STM32U599NJH6Q, STM32U599VIT6Q, STM32U599VJT6, STM32U599VJT6Q, STM32U599ZIT6Q, STM32U599ZIY6QTR, STM32U599ZJT6Q, STM32U599ZJY6QTR, STM32U5A5AJH6, STM32U5A5AJH6Q, STM32U5A5QJI6, STM32U5A5QJI6Q, STM32U5A5RJT6, STM32U5A5RJT6Q, STM32U5A5VJT6, STM32U5A5VJT6Q, STM32U5A5ZJT6, STM32U5A5ZJT6Q, STM32U5A5ZJY6QTR, STM32U5A9BJY6QTR, STM32U5A9J-DK, STM32U5A9NJH6Q, STM32U5A9VJT6Q, STM32U5A9ZJT6Q, STM32U5A9ZJY6QTR, STM32WB1MMCH6, STM32WBA52CEU6, STM32WBA52CEU6T, STM32WBA52CGU6, STM32WBA52CGU6T, STM32WL5MOCH6, STM32WL5MOCH6TR]
2023-03-11 22:06:03,300 [INFO] DbMcus:216 - Found 3772 MCUs, 3772 are supported
2023-03-11 22:06:03,300 [INFO] ApiDb:423 - Load user favorites file C:\Users\ZoMbiE/.stm32cubeide/favorites.mcus.txt: 18 item(s)
2023-03-11 22:06:03,300 [INFO] ApiDb:427 - User favorites MCUs=[STM32F207ZGT6, STM32F407VGT6TR, STM32F407VGT7, STM32F407VGT7TR, STM32F411RET6, STM32F429ZIT6, STM32F439ZIT6, STM32F746NEH6, STM32F746NGH6, STM32F746NGH6TR, STM32F746NGH7, STM32F746ZGT7, STM32F769AIY6TR, STM32F769IGT6, STM32F769IIT6, STM32F769NIH6, STM32H745ZGT6, STM32H745ZIT6]
2023-03-11 22:06:03,300 [INFO] DbMcus:222 - Set 18 / 18 favorites MCUs
2023-03-11 22:06:03,566 [WARN] ThirdParty:833 - waiting for thirdparty lock release [change project]
2023-03-11 22:06:03,566 [INFO] ThirdParty:835 - entering critical section [change project]
2023-03-11 22:06:03,566 [INFO] ThirdParty:1030 - CMSIS Pack Vendor :STMicroelectronics X-CUBE-ISPU 1.1.0
2023-03-11 22:06:03,566 [INFO] ThirdParty:1030 - CMSIS Pack Vendor :RoweBots I-CUBE-UNISONRTOS 5.5.0-4
2023-03-11 22:06:03,566 [INFO] ThirdParty:1030 - CMSIS Pack Vendor :STMicroelectronics X-CUBE-GNSS1 6.0.0
2023-03-11 22:06:03,566 [INFO] ThirdParty:1030 - CMSIS Pack Vendor :STMicroelectronics USB_HOST 2.0.0
2023-03-11 22:06:03,566 [INFO] ThirdParty:1030 - CMSIS Pack Vendor :STMicroelectronics X-CUBE-AZRTOS-F4 1.1.0
2023-03-11 22:06:03,566 [INFO] ThirdParty:1030 - CMSIS Pack Vendor :STMicroelectronics LIBJPEG 8.0.0
2023-03-11 22:06:03,566 [INFO] ThirdParty:1030 - CMSIS Pack Vendor :STMicroelectronics USB_DEVICE 3.0.0
2023-03-11 22:06:03,566 [INFO] ThirdParty:1030 - CMSIS Pack Vendor :STMicroelectronics X-CUBE-AI 8.0.0
2023-03-11 22:06:03,566 [INFO] ThirdParty:1030 - CMSIS Pack Vendor :STMicroelectronics X-CUBE-FREERTOS 1.0.0
2023-03-11 22:06:03,566 [INFO] ThirdParty:1030 - CMSIS Pack Vendor :STMicroelectronics X-CUBE-TOUCHGFX 4.21.1
2023-03-11 22:06:03,566 [INFO] ThirdParty:1030 - CMSIS Pack Vendor :STMicroelectronics X-CUBE-TOUCHGFX 4.21.0
2023-03-11 22:06:03,566 [INFO] ThirdParty:1030 - CMSIS Pack Vendor :STMicroelectronics X-CUBE-AZRTOS-F7 1.1.0
2023-03-11 22:06:03,566 [INFO] ThirdParty:1030 - CMSIS Pack Vendor :STMicroelectronics X-CUBE-MEMS1 9.4.0
2023-03-11 22:06:03,566 [INFO] ThirdParty:1030 - CMSIS Pack Vendor :STMicroelectronics USB_DEVICE 2.0.0
2023-03-11 22:06:03,566 [INFO] ThirdParty:1030 - CMSIS Pack Vendor :STMicroelectronics X-CUBE-AI 7.3.0
2023-03-11 22:06:03,566 [INFO] ThirdParty:1030 - CMSIS Pack Vendor :STMicroelectronics X-CUBE-ALGOBUILD 1.3.0
2023-03-11 22:06:03,566 [INFO] ThirdParty:1030 - CMSIS Pack Vendor :STMicroelectronics X-CUBE-BLE1 6.2.4
2023-03-11 22:06:03,566 [INFO] ThirdParty:1030 - CMSIS Pack Vendor :STMicroelectronics X-CUBE-AZRTOS-L5 1.1.0
2023-03-11 22:06:03,566 [INFO] ThirdParty:1030 - CMSIS Pack Vendor :STMicroelectronics FreeRTOS 0.0.1
2023-03-11 22:06:03,566 [INFO] ThirdParty:1030 - CMSIS Pack Vendor :emotas I-CUBE-CANOPEN 1.1.3
2023-03-11 22:06:03,566 [INFO] ThirdParty:1030 - CMSIS Pack Vendor :STMicroelectronics X-CUBE-AZRTOS-G0 1.1.0
2023-03-11 22:06:03,566 [INFO] ThirdParty:1030 - CMSIS Pack Vendor :STMicroelectronics X-CUBE-BLEMGR 2.0.0
2023-03-11 22:06:03,566 [INFO] ThirdParty:1030 - CMSIS Pack Vendor :STMicroelectronics X-CUBE-SUBG2 5.0.0
2023-03-11 22:06:03,566 [INFO] ThirdParty:1030 - CMSIS Pack Vendor :STMicroelectronics X-CUBE-NFC4 3.0.0
2023-03-11 22:06:03,566 [INFO] ThirdParty:1030 - CMSIS Pack Vendor :STMicroelectronics STM32_WPAN 1.0.0
2023-03-11 22:06:03,566 [INFO] ThirdParty:1030 - CMSIS Pack Vendor :STMicroelectronics lwIP 2.0.3
2023-03-11 22:06:03,566 [INFO] ThirdParty:1030 - CMSIS Pack Vendor :STMicroelectronics X-CUBE-NFC4 2.0.5
2023-03-11 22:06:03,566 [INFO] ThirdParty:1030 - CMSIS Pack Vendor :STMicroelectronics USB_HOST 1.0.0
2023-03-11 22:06:03,566 [INFO] ThirdParty:1030 - CMSIS Pack Vendor :STMicroelectronics PDM2PCM 3.1.0
2023-03-11 22:06:03,566 [INFO] ThirdParty:1030 - CMSIS Pack Vendor :STMicroelectronics FP-ATR-ASTRA1 1.1.1
2023-03-11 22:06:03,566 [INFO] ThirdParty:1030 - CMSIS Pack Vendor :STMicroelectronics PDM2PCM 3.3.0
2023-03-11 22:06:03,566 [INFO] ThirdParty:1030 - CMSIS Pack Vendor :STMicroelectronics X-CUBE-DISPLAY 3.0.0
2023-03-11 22:06:03,566 [INFO] ThirdParty:1030 - CMSIS Pack Vendor :STMicroelectronics X-CUBE-BLEMGR 1.3.0
2023-03-11 22:06:03,566 [INFO] ThirdParty:1030 - CMSIS Pack Vendor :wolfSSL I-CUBE-wolfSSL 5.5.3
2023-03-11 22:06:03,566 [INFO] ThirdParty:1030 - CMSIS Pack Vendor :STMicroelectronics X-CUBE-AZRTOS-G4 1.0.0
2023-03-11 22:06:03,566 [INFO] ThirdParty:1030 - CMSIS Pack Vendor :STMicroelectronics FP-ATR-SIGFOX1 3.2.0
2023-03-11 22:06:03,566 [INFO] ThirdParty:1030 - CMSIS Pack Vendor :wolfSSL I-CUBE-wolfSSL 5.5.4
2023-03-11 22:06:03,566 [INFO] ThirdParty:1030 - CMSIS Pack Vendor :STMicroelectronics X-CUBE-AZRTOS-L4 1.0.0
2023-03-11 22:06:03,566 [INFO] ThirdParty:1030 - CMSIS Pack Vendor :STMicroelectronics HAL Drivers 0.0.0
2023-03-11 22:06:03,566 [INFO] ThirdParty:1030 - CMSIS Pack Vendor :STMicroelectronics MBEDTLS 2.16.2
2023-03-11 22:06:03,566 [INFO] ThirdParty:1030 - CMSIS Pack Vendor :STMicroelectronics MBEDTLS 2.14.1
2023-03-11 22:06:03,566 [INFO] ThirdParty:1030 - CMSIS Pack Vendor :STMicroelectronics X-CUBE-NFC7 1.0.0
2023-03-11 22:06:03,566 [INFO] ThirdParty:1030 - CMSIS Pack Vendor :STMicroelectronics X-CUBE-AZRTOS-WL 1.0.0
2023-03-11 22:06:03,566 [INFO] ThirdParty:1030 - CMSIS Pack Vendor :STMicroelectronics X-CUBE-MEMS1 9.3.0
2023-03-11 22:06:03,566 [INFO] ThirdParty:1030 - CMSIS Pack Vendor :STMicroelectronics X-CUBE-EEPRMA1 4.1.0
2023-03-11 22:06:03,566 [INFO] ThirdParty:1030 - CMSIS Pack Vendor :portGmbH I-Cube-SoM-uGOAL 1.1.0
2023-03-11 22:06:03,566 [INFO] ThirdParty:1030 - CMSIS Pack Vendor :STMicroelectronics X-CUBE-ALS 1.0.1
2023-03-11 22:06:03,566 [INFO] ThirdParty:1030 - CMSIS Pack Vendor :STMicroelectronics X-CUBE-MEMS1 9.5.0
2023-03-11 22:06:03,566 [INFO] ThirdParty:1030 - CMSIS Pack Vendor :STMicroelectronics ThreadX 1.0.0
2023-03-11 22:06:03,566 [INFO] ThirdParty:1030 - CMSIS Pack Vendor :STMicroelectronics X-CUBE-AZRTOS-WB 1.1.0
2023-03-11 22:06:03,566 [INFO] ThirdParty:1030 - CMSIS Pack Vendor :SEGGER I-CUBE-embOS 1.3.1
2023-03-11 22:06:03,566 [INFO] ThirdParty:1030 - CMSIS Pack Vendor :STMicroelectronics USB_DEVICE 1.0.0
2023-03-11 22:06:03,566 [INFO] ThirdParty:1030 - CMSIS Pack Vendor :SEGGER I-CUBE-embOS 1.3.0
2023-03-11 22:06:03,566 [INFO] ThirdParty:1030 - CMSIS Pack Vendor :STMicroelectronics ThreadX 0.0.2
2023-03-11 22:06:03,566 [INFO] ThirdParty:1030 - CMSIS Pack Vendor :WES I-CUBE-Cesium 1.3.0
2023-03-11 22:06:03,566 [INFO] ThirdParty:1030 - CMSIS Pack Vendor :STMicroelectronics lwIP 2.1.2
2023-03-11 22:06:03,566 [INFO] ThirdParty:1030 - CMSIS Pack Vendor :STMicroelectronics X-CUBE-SFXS2LP1 4.0.0
2023-03-11 22:06:03,582 [INFO] ThirdParty:1030 - CMSIS Pack Vendor :STMicroelectronics X-CUBE-BLE2 3.3.0
2023-03-11 22:06:03,582 [INFO] ThirdParty:1030 - CMSIS Pack Vendor :STMicroelectronics X-CUBE-DISPLAY 2.2.0
2023-03-11 22:06:03,582 [INFO] ThirdParty:1030 - CMSIS Pack Vendor :STMicroelectronics X-CUBE-TOF1 3.2.0
2023-03-11 22:06:03,582 [INFO] ThirdParty:1030 - CMSIS Pack Vendor :STMicroelectronics PDM2PCM 3.2.0
2023-03-11 22:06:03,582 [INFO] ThirdParty:1030 - CMSIS Pack Vendor :STMicroelectronics X-CUBE-AZRTOS-H7 3.0.0
2023-03-11 22:06:03,582 [INFO] ThirdParty:841 - exiting critical section [change project]
2023-03-11 22:06:04,241 [INFO] PinOutPanel:1499 - setPackage(No Configuration,No Configuration)
2023-03-11 22:06:04,241 [INFO] PinOutPanel:1499 - setPackage(STM32H745ZITx,LQFP144)
2023-03-11 22:06:05,182 [INFO] UtilMem:75 - Before build in PCC Used Memory: 550047584 Bytes (646971392)
2023-03-11 22:06:05,950 [INFO] UtilMem:75 - After build in PCC Used Memory: 522859680 Bytes (646971392)
2023-03-11 22:06:05,982 [INFO] IPUIPlugin:80 - create IPUIPlugin
2023-03-11 22:06:05,982 [INFO] IPUIPlugin:80 - create IPUIPlugin
2023-03-11 22:06:05,982 [INFO] IPUIPlugin:80 - create IPUIPlugin
2023-03-11 22:06:05,982 [INFO] IPUIPlugin:80 - create IPUIPlugin
2023-03-11 22:06:05,982 [INFO] IPUIPlugin:80 - create IPUIPlugin
2023-03-11 22:06:05,982 [INFO] IPUIPlugin:80 - create IPUIPlugin
2023-03-11 22:06:05,982 [INFO] IPUIPlugin:80 - create IPUIPlugin
2023-03-11 22:06:05,982 [INFO] IPUIPlugin:80 - create IPUIPlugin
2023-03-11 22:06:05,982 [INFO] IPUIPlugin:80 - create IPUIPlugin
2023-03-11 22:06:05,982 [INFO] IPUIPlugin:80 - create IPUIPlugin
2023-03-11 22:06:05,982 [INFO] IPUIPlugin:80 - create IPUIPlugin
2023-03-11 22:06:05,982 [INFO] IPUIPlugin:80 - create IPUIPlugin
2023-03-11 22:06:05,982 [INFO] IPUIPlugin:80 - create IPUIPlugin
2023-03-11 22:06:05,982 [INFO] IPUIPlugin:80 - create IPUIPlugin
2023-03-11 22:06:05,982 [INFO] IPUIPlugin:80 - create IPUIPlugin
2023-03-11 22:06:05,982 [INFO] IPUIPlugin:80 - create IPUIPlugin
2023-03-11 22:06:05,982 [INFO] IPUIPlugin:80 - create IPUIPlugin
2023-03-11 22:06:05,982 [INFO] IPUIPlugin:80 - create IPUIPlugin
2023-03-11 22:06:05,982 [INFO] IPUIPlugin:80 - create IPUIPlugin
2023-03-11 22:06:05,982 [INFO] IPUIPlugin:80 - create IPUIPlugin
2023-03-11 22:06:05,982 [INFO] IPUIPlugin:80 - create IPUIPlugin
2023-03-11 22:06:05,982 [INFO] IPUIPlugin:80 - create IPUIPlugin
2023-03-11 22:06:05,982 [INFO] IPUIPlugin:80 - create IPUIPlugin
2023-03-11 22:06:05,982 [INFO] IPUIPlugin:80 - create IPUIPlugin
2023-03-11 22:06:05,982 [INFO] IPUIPlugin:80 - create IPUIPlugin
2023-03-11 22:06:05,982 [INFO] IPUIPlugin:80 - create IPUIPlugin
2023-03-11 22:06:05,982 [INFO] IPUIPlugin:80 - create IPUIPlugin
2023-03-11 22:06:05,982 [INFO] IPUIPlugin:80 - create IPUIPlugin
2023-03-11 22:06:05,982 [INFO] IPUIPlugin:80 - create IPUIPlugin
2023-03-11 22:06:05,982 [INFO] IPUIPlugin:80 - create IPUIPlugin
2023-03-11 22:06:05,982 [INFO] IPUIPlugin:80 - create IPUIPlugin
2023-03-11 22:06:05,982 [INFO] IPUIPlugin:80 - create IPUIPlugin
2023-03-11 22:06:05,982 [INFO] IPUIPlugin:80 - create IPUIPlugin
2023-03-11 22:06:05,982 [INFO] IPUIPlugin:80 - create IPUIPlugin
2023-03-11 22:06:05,982 [INFO] IPUIPlugin:80 - create IPUIPlugin
2023-03-11 22:06:05,982 [INFO] IPUIPlugin:80 - create IPUIPlugin
2023-03-11 22:06:05,982 [INFO] IPUIPlugin:80 - create IPUIPlugin
2023-03-11 22:06:05,982 [INFO] IPUIPlugin:80 - create IPUIPlugin
2023-03-11 22:06:05,982 [INFO] IPUIPlugin:80 - create IPUIPlugin
2023-03-11 22:06:05,982 [INFO] IPUIPlugin:80 - create IPUIPlugin
2023-03-11 22:06:05,982 [INFO] IPUIPlugin:80 - create IPUIPlugin
2023-03-11 22:06:05,982 [INFO] IPUIPlugin:80 - create IPUIPlugin
2023-03-11 22:06:05,982 [INFO] IPUIPlugin:80 - create IPUIPlugin
2023-03-11 22:06:05,982 [INFO] IPUIPlugin:80 - create IPUIPlugin
2023-03-11 22:06:05,982 [INFO] IPUIPlugin:80 - create IPUIPlugin
2023-03-11 22:06:05,982 [INFO] IPUIPlugin:80 - create IPUIPlugin
2023-03-11 22:06:05,982 [INFO] IPUIPlugin:80 - create IPUIPlugin
2023-03-11 22:06:05,982 [INFO] IPUIPlugin:80 - create IPUIPlugin
2023-03-11 22:06:05,982 [INFO] IPUIPlugin:80 - create IPUIPlugin
2023-03-11 22:06:05,982 [INFO] IPUIPlugin:80 - create IPUIPlugin
2023-03-11 22:06:05,982 [INFO] IPUIPlugin:80 - create IPUIPlugin
2023-03-11 22:06:05,997 [INFO] IPUIPlugin:80 - create IPUIPlugin
2023-03-11 22:06:05,997 [INFO] IPUIPlugin:80 - create IPUIPlugin
2023-03-11 22:06:05,997 [INFO] IPUIPlugin:80 - create IPUIPlugin
2023-03-11 22:06:05,997 [INFO] IPUIPlugin:80 - create IPUIPlugin
2023-03-11 22:06:05,997 [INFO] IPUIPlugin:80 - create IPUIPlugin
2023-03-11 22:06:05,997 [INFO] IPUIPlugin:80 - create IPUIPlugin
2023-03-11 22:06:05,997 [INFO] IPUIPlugin:80 - create IPUIPlugin
2023-03-11 22:06:05,997 [INFO] IPUIPlugin:80 - create IPUIPlugin
2023-03-11 22:06:05,997 [INFO] IPUIPlugin:80 - create IPUIPlugin
2023-03-11 22:06:05,997 [INFO] IPUIPlugin:80 - create IPUIPlugin
2023-03-11 22:06:05,997 [INFO] IPUIPlugin:80 - create IPUIPlugin
2023-03-11 22:06:05,997 [INFO] IPUIPlugin:80 - create IPUIPlugin
2023-03-11 22:06:05,997 [INFO] IPUIPlugin:80 - create IPUIPlugin
2023-03-11 22:06:05,997 [INFO] IPUIPlugin:80 - create IPUIPlugin
2023-03-11 22:06:05,997 [INFO] IPUIPlugin:80 - create IPUIPlugin
2023-03-11 22:06:05,997 [INFO] IPUIPlugin:80 - create IPUIPlugin
2023-03-11 22:06:05,997 [INFO] IPUIPlugin:80 - create IPUIPlugin
2023-03-11 22:06:05,997 [INFO] IPUIPlugin:80 - create IPUIPlugin
2023-03-11 22:06:05,997 [INFO] IPUIPlugin:80 - create IPUIPlugin
2023-03-11 22:06:05,997 [INFO] IPUIPlugin:80 - create IPUIPlugin
2023-03-11 22:06:05,997 [INFO] IPUIPlugin:80 - create IPUIPlugin
2023-03-11 22:06:05,997 [INFO] IPUIPlugin:80 - create IPUIPlugin
2023-03-11 22:06:05,997 [INFO] IPUIPlugin:80 - create IPUIPlugin
2023-03-11 22:06:05,997 [INFO] IPUIPlugin:80 - create IPUIPlugin
2023-03-11 22:06:05,997 [INFO] IPUIPlugin:80 - create IPUIPlugin
2023-03-11 22:06:05,997 [INFO] IPUIPlugin:80 - create IPUIPlugin
2023-03-11 22:06:05,997 [INFO] IPUIPlugin:80 - create IPUIPlugin
2023-03-11 22:06:05,997 [INFO] IPUIPlugin:80 - create IPUIPlugin
2023-03-11 22:06:06,005 [INFO] IPUIPlugin:80 - create IPUIPlugin
2023-03-11 22:06:06,005 [INFO] IPUIPlugin:80 - create IPUIPlugin
2023-03-11 22:06:06,005 [INFO] IPUIPlugin:80 - create IPUIPlugin
2023-03-11 22:06:06,005 [INFO] IPUIPlugin:80 - create IPUIPlugin
2023-03-11 22:06:06,005 [INFO] IPUIPlugin:80 - create IPUIPlugin
2023-03-11 22:06:06,005 [INFO] IPUIPlugin:80 - create IPUIPlugin
2023-03-11 22:06:06,005 [INFO] IPUIPlugin:80 - create IPUIPlugin
2023-03-11 22:06:06,005 [INFO] IPUIPlugin:80 - create IPUIPlugin
2023-03-11 22:06:06,005 [INFO] IPUIPlugin:80 - create IPUIPlugin
2023-03-11 22:06:06,005 [INFO] IPUIPlugin:80 - create IPUIPlugin
2023-03-11 22:06:06,005 [INFO] IPUIPlugin:80 - create IPUIPlugin
2023-03-11 22:06:06,005 [INFO] IPUIPlugin:80 - create IPUIPlugin
2023-03-11 22:06:06,005 [INFO] IPUIPlugin:80 - create IPUIPlugin
2023-03-11 22:06:06,005 [INFO] IPUIPlugin:80 - create IPUIPlugin
2023-03-11 22:06:06,005 [INFO] IPUIPlugin:80 - create IPUIPlugin
2023-03-11 22:06:06,005 [INFO] IPUIPlugin:80 - create IPUIPlugin
2023-03-11 22:06:06,005 [INFO] IPUIPlugin:80 - create IPUIPlugin
2023-03-11 22:06:06,005 [INFO] IPUIPlugin:80 - create IPUIPlugin
2023-03-11 22:06:06,005 [INFO] IPUIPlugin:80 - create IPUIPlugin
2023-03-11 22:06:06,005 [INFO] IPUIPlugin:80 - create IPUIPlugin
2023-03-11 22:06:06,005 [INFO] IPUIPlugin:80 - create IPUIPlugin
2023-03-11 22:06:06,005 [INFO] IPUIPlugin:80 - create IPUIPlugin
2023-03-11 22:06:06,005 [INFO] IPUIPlugin:80 - create IPUIPlugin
2023-03-11 22:06:06,005 [INFO] IPUIPlugin:80 - create IPUIPlugin
2023-03-11 22:06:06,013 [INFO] IPUIPlugin:80 - create IPUIPlugin
2023-03-11 22:06:06,013 [INFO] IPUIPlugin:80 - create IPUIPlugin
2023-03-11 22:06:06,013 [INFO] IPUIPlugin:80 - create IPUIPlugin
2023-03-11 22:06:06,013 [INFO] IPUIPlugin:80 - create IPUIPlugin
2023-03-11 22:06:06,013 [INFO] IPUIPlugin:80 - create IPUIPlugin
2023-03-11 22:06:06,013 [INFO] IPUIPlugin:80 - create IPUIPlugin
2023-03-11 22:06:06,013 [INFO] IPUIPlugin:80 - create IPUIPlugin
2023-03-11 22:06:06,045 [INFO] ApiDbMcu:507 - Load IP Config File for PDM2PCM
2023-03-11 22:06:06,045 [INFO] ApiDbMcu:507 - Load IP Config File for PDM2PCM
2023-03-11 22:06:06,170 [INFO] CADModel:165 - CPN selected for project levelSTM32H745ZIT3
2023-03-11 22:06:06,170 [INFO] CADModel:114 - Register for checkConnection events
2023-03-11 22:06:06,233 [INFO] OpenFileManager:328 - Restore cursor
2023-03-11 22:06:17,785 [INFO] UtilMem:75 - End SaveConfig() Used Memory: 603406256 Bytes (646971392)
2023-03-11 22:06:18,507 [INFO] BlockDiagram:2759 - set Specific Code input for plugin: RCC
2023-03-11 22:06:18,507 [INFO] BlockDiagram:2759 - set Specific Code input for plugin: SYS
2023-03-11 22:06:18,507 [INFO] BlockDiagram:2759 - set Specific Code input for plugin: CORTEX_M7
2023-03-11 22:06:18,507 [INFO] BlockDiagram:2759 - set Specific Code input for plugin: NVIC2
2023-03-11 22:06:18,507 [INFO] BlockDiagram:2759 - set Specific Code input for plugin: DEBUG
2023-03-11 22:06:18,507 [INFO] BlockDiagram:2759 - set Specific Code input for plugin: GPIO
2023-03-11 22:06:18,507 [INFO] BlockDiagram:2759 - set Specific Code input for plugin: SYS_M4
2023-03-11 22:06:18,507 [INFO] BlockDiagram:2759 - set Specific Code input for plugin: NVIC1
2023-03-11 22:06:18,507 [INFO] CodeGenerator:793 - code generatio: config db path: D:\050_STM32\CubeIDE\STM32CubeIDE\plugins\com.st.stm32cube.common.mx_6.8.0.202302231600\\db\
2023-03-11 22:06:18,616 [INFO] CodeGenerator:1496 - *******************Project context M7 selected
2023-03-11 22:06:18,978 [INFO] CodeEngine:255 - oldGeneratedFile, D:\__GitHub\nucleoH745\STM32CubeIDE\nucleoH745\MXTmpFiles\license.tmp_save
2023-03-11 22:06:19,464 [INFO] CodeEngine:279 - Generated code: D:\__GitHub\nucleoH745\STM32CubeIDE\nucleoH745\MXTmpFiles\license.tmp
2023-03-11 22:06:19,543 [INFO] CodeEngine:255 - oldGeneratedFile, D:\__GitHub\nucleoH745\STM32CubeIDE\nucleoH745\CM7\Core\Src\gpio.c_save
2023-03-11 22:06:19,731 [INFO] CodeEngine:279 - Generated code: D:\__GitHub\nucleoH745\STM32CubeIDE\nucleoH745\CM7\Core\Src\gpio.c
2023-03-11 22:06:19,746 [INFO] CodeEngine:255 - oldGeneratedFile, D:\__GitHub\nucleoH745\STM32CubeIDE\nucleoH745\CM7\Core\Inc\gpio.h_save
2023-03-11 22:06:19,832 [INFO] CodeEngine:279 - Generated code: D:\__GitHub\nucleoH745\STM32CubeIDE\nucleoH745\CM7\Core\Inc\gpio.h
2023-03-11 22:06:19,872 [WARN] IPConfigManager:99 - WARNING: Missing Config File for DEBUG ip!!
2023-03-11 22:06:19,951 [WARN] IPConfigManager:99 - WARNING: Missing Config File for NVIC1 ip!!
2023-03-11 22:06:19,982 [INFO] CodeEngine:255 - oldGeneratedFile, D:\__GitHub\nucleoH745\STM32CubeIDE\nucleoH745\CM7\MXTmpFiles\cortex.tmp_save
2023-03-11 22:06:20,092 [INFO] CodeEngine:279 - Generated code: D:\__GitHub\nucleoH745\STM32CubeIDE\nucleoH745\CM7\MXTmpFiles\cortex.tmp
2023-03-11 22:06:20,107 [INFO] CodeEngine:255 - oldGeneratedFile, D:\__GitHub\nucleoH745\STM32CubeIDE\nucleoH745\CM7\Core\Src\stm32h7xx_it.c_save
2023-03-11 22:06:20,248 [INFO] CodeEngine:279 - Generated code: D:\__GitHub\nucleoH745\STM32CubeIDE\nucleoH745\CM7\Core\Src\stm32h7xx_it.c
2023-03-11 22:06:20,248 [INFO] CodeEngine:255 - oldGeneratedFile, D:\__GitHub\nucleoH745\STM32CubeIDE\nucleoH745\CM7\Core\Inc\stm32h7xx_it.h_save
2023-03-11 22:06:20,326 [INFO] CodeEngine:279 - Generated code: D:\__GitHub\nucleoH745\STM32CubeIDE\nucleoH745\CM7\Core\Inc\stm32h7xx_it.h
2023-03-11 22:06:20,436 [INFO] CodeEngine:255 - oldGeneratedFile, D:\__GitHub\nucleoH745\STM32CubeIDE\nucleoH745\CM7\Core\Src\stm32h7xx_hal_msp.c_save
2023-03-11 22:06:20,533 [INFO] CodeEngine:279 - Generated code: D:\__GitHub\nucleoH745\STM32CubeIDE\nucleoH745\CM7\Core\Src\stm32h7xx_hal_msp.c
2023-03-11 22:06:20,533 [INFO] CodeEngine:255 - oldGeneratedFile, D:\__GitHub\nucleoH745\STM32CubeIDE\nucleoH745\CM7\MXTmpFiles\system.tmp_save
2023-03-11 22:06:20,593 [INFO] CodeEngine:279 - Generated code: D:\__GitHub\nucleoH745\STM32CubeIDE\nucleoH745\CM7\MXTmpFiles\system.tmp
2023-03-11 22:06:20,608 [INFO] CodeEngine:311 - oldGeneratedFile, D:\__GitHub\nucleoH745\STM32CubeIDE\nucleoH745\CM7\Core\Inc\stm32h7xx_hal_conf.h_save
2023-03-11 22:06:20,687 [INFO] CodeEngine:335 - Generated code: D:\__GitHub\nucleoH745\STM32CubeIDE\nucleoH745\CM7\Core\Inc\stm32h7xx_hal_conf.h
2023-03-11 22:06:20,750 [INFO] CodeEngine:255 - oldGeneratedFile, D:\__GitHub\nucleoH745\STM32CubeIDE\nucleoH745\CM7\Core\Inc\main.h_save
2023-03-11 22:06:20,844 [INFO] CodeEngine:279 - Generated code: D:\__GitHub\nucleoH745\STM32CubeIDE\nucleoH745\CM7\Core\Inc\main.h
2023-03-11 22:06:20,860 [INFO] CodeEngine:255 - oldGeneratedFile, D:\__GitHub\nucleoH745\STM32CubeIDE\nucleoH745\CM7\Core\Src\main.c_save
2023-03-11 22:06:20,985 [INFO] CodeEngine:279 - Generated code: D:\__GitHub\nucleoH745\STM32CubeIDE\nucleoH745\CM7\Core\Src\main.c
2023-03-11 22:06:21,173 [INFO] CodeGenerator:1496 - *******************Project context M4 selected
2023-03-11 22:06:21,362 [INFO] CodeEngine:255 - oldGeneratedFile, D:\__GitHub\nucleoH745\STM32CubeIDE\nucleoH745\MXTmpFiles\license.tmp_save
2023-03-11 22:06:21,473 [INFO] CodeEngine:279 - Generated code: D:\__GitHub\nucleoH745\STM32CubeIDE\nucleoH745\MXTmpFiles\license.tmp
2023-03-11 22:06:21,487 [WARN] IPConfigManager:99 - WARNING: Missing Config File for DEBUG ip!!
2023-03-11 22:06:21,487 [WARN] IPConfigManager:99 - WARNING: Missing Config File for NVIC2 ip!!
2023-03-11 22:06:21,503 [INFO] CodeEngine:255 - oldGeneratedFile, D:\__GitHub\nucleoH745\STM32CubeIDE\nucleoH745\CM4\MXTmpFiles\cortex.tmp_save
2023-03-11 22:06:21,581 [INFO] CodeEngine:279 - Generated code: D:\__GitHub\nucleoH745\STM32CubeIDE\nucleoH745\CM4\MXTmpFiles\cortex.tmp
2023-03-11 22:06:21,597 [INFO] CodeEngine:255 - oldGeneratedFile, D:\__GitHub\nucleoH745\STM32CubeIDE\nucleoH745\CM4\Core\Src\stm32h7xx_it.c_save
2023-03-11 22:06:21,676 [INFO] CodeEngine:279 - Generated code: D:\__GitHub\nucleoH745\STM32CubeIDE\nucleoH745\CM4\Core\Src\stm32h7xx_it.c
2023-03-11 22:06:21,691 [INFO] CodeEngine:255 - oldGeneratedFile, D:\__GitHub\nucleoH745\STM32CubeIDE\nucleoH745\CM4\Core\Inc\stm32h7xx_it.h_save
2023-03-11 22:06:21,739 [INFO] CodeEngine:279 - Generated code: D:\__GitHub\nucleoH745\STM32CubeIDE\nucleoH745\CM4\Core\Inc\stm32h7xx_it.h
2023-03-11 22:06:21,754 [INFO] CodeEngine:255 - oldGeneratedFile, D:\__GitHub\nucleoH745\STM32CubeIDE\nucleoH745\CM4\Core\Src\stm32h7xx_hal_msp.c_save
2023-03-11 22:06:21,835 [INFO] CodeEngine:279 - Generated code: D:\__GitHub\nucleoH745\STM32CubeIDE\nucleoH745\CM4\Core\Src\stm32h7xx_hal_msp.c
2023-03-11 22:06:21,835 [INFO] CodeEngine:255 - oldGeneratedFile, D:\__GitHub\nucleoH745\STM32CubeIDE\nucleoH745\CM4\MXTmpFiles\system.tmp_save
2023-03-11 22:06:21,895 [INFO] CodeEngine:279 - Generated code: D:\__GitHub\nucleoH745\STM32CubeIDE\nucleoH745\CM4\MXTmpFiles\system.tmp
2023-03-11 22:06:21,907 [INFO] CodeEngine:311 - oldGeneratedFile, D:\__GitHub\nucleoH745\STM32CubeIDE\nucleoH745\CM4\Core\Inc\stm32h7xx_hal_conf.h_save
2023-03-11 22:06:21,974 [INFO] CodeEngine:335 - Generated code: D:\__GitHub\nucleoH745\STM32CubeIDE\nucleoH745\CM4\Core\Inc\stm32h7xx_hal_conf.h
2023-03-11 22:06:21,989 [INFO] CodeEngine:255 - oldGeneratedFile, D:\__GitHub\nucleoH745\STM32CubeIDE\nucleoH745\CM4\Core\Inc\main.h_save
2023-03-11 22:06:22,052 [INFO] CodeEngine:279 - Generated code: D:\__GitHub\nucleoH745\STM32CubeIDE\nucleoH745\CM4\Core\Inc\main.h
2023-03-11 22:06:22,068 [INFO] CodeEngine:255 - oldGeneratedFile, D:\__GitHub\nucleoH745\STM32CubeIDE\nucleoH745\CM4\Core\Src\main.c_save
2023-03-11 22:06:22,146 [INFO] CodeEngine:279 - Generated code: D:\__GitHub\nucleoH745\STM32CubeIDE\nucleoH745\CM4\Core\Src\main.c
2023-03-11 22:06:22,637 [INFO] ProjectBuilder:2996 - Time for Copy HAL[2] : 0mS.
2023-03-11 22:06:22,649 [INFO] ProjectBuilder:4304 - Project Generator version: 3.19.2
2023-03-11 22:06:22,915 [INFO] ConfigFileManager:1483 - The Die is : DIE450
2023-03-11 22:06:25,351 [INFO] LogOutputStream:77 - [STDOUT_REDIRECT] 
2023-03-11 22:06:27,751 [INFO] ProjectBuilder:4505 - Time for Generating toolchain IDE Files: 5102mS.
2023-03-11 22:06:27,767 [INFO] ProjectBuilder:2867 - Time for Copy CMSIS : 0mS.
2023-03-11 22:06:27,767 [INFO] ProjectBuilder:2867 - Time for Copy CMSIS : 0mS.
2023-03-11 22:06:52,600 [INFO] MainUpdater:2854 - connection check result : 10
2023-03-11 22:06:52,600 [INFO] MainUpdater:2854 - connection check result : 10
2023-03-11 22:06:52,620 [INFO] MicroXplorer:468 - Change Database Path : 
2023-03-11 22:06:52,620 [INFO] MicroXplorer:498 - Change Database Version : DB.6.0.80
2023-03-11 22:06:52,631 [WARN] ThirdParty:871 - waiting for thirdparty lock release [close project]
2023-03-11 22:06:52,631 [INFO] ThirdParty:873 - entering critical section [close project]
2023-03-11 22:06:52,631 [INFO] ThirdParty:883 - exiting critical section [close project]
2023-03-11 22:06:52,631 [INFO] PinOutPanel:1499 - setPackage(No Configuration,No Configuration)
2023-03-11 22:06:52,647 [WARN] IpParametersView:150 - Warning: This peripheral hasn't parameters
2023-03-11 22:06:52,663 [WARN] MainPanel:257 - <html><b><center>Warning: This peripheral has no parameters to be configured<br></b></html>
2023-03-11 22:06:52,663 [WARN] IpParametersView:150 - Warning: This peripheral hasn't parameters
2023-03-11 22:06:52,663 [WARN] MainPanel:257 - <html><b><center>Warning: This peripheral has no parameters to be configured<br></b></html>
2023-03-11 22:06:52,678 [INFO] UtilMem:75 - Begin LoadConfig() Used Memory: 693345400 Bytes (1032847360)
2023-03-11 22:06:52,678 [INFO] MicroXplorer:468 - Change Database Path : 
2023-03-11 22:06:52,678 [INFO] MicroXplorer:498 - Change Database Version : DB.6.0.80
2023-03-11 22:06:52,678 [INFO] OpenFileManager:308 - Change cursor
2023-03-11 22:06:52,678 [INFO] RulesReader:64 - Compatibility file has been processed (293 Rules)
2023-03-11 22:06:52,694 [INFO] Mcu:1937 - Initializing MCU STM32H745ZITx STM32H745ZITx STM32H745ZIT3
2023-03-11 22:06:55,000 [INFO] Context:659 - Trying to add GPIOservice into a context  which must be forbidden
2023-03-11 22:06:55,000 [INFO] Context:659 - Trying to add GPIOservice into a context  which must be forbidden
2023-03-11 22:06:56,098 [INFO] Context:659 - Trying to add GPIOservice into a context  which must be forbidden
2023-03-11 22:06:56,098 [INFO] Context:659 - Trying to add GPIOservice into a context  which must be forbidden
2023-03-11 22:06:56,192 [INFO] RtosManager:555 - Registered RTOS mode: class=CMSIS, group=RTOS, mode=CMSIS_V1, owner=FREERTOS_M7
2023-03-11 22:06:56,192 [INFO] RtosManager:555 - Registered RTOS mode: class=CMSIS, group=RTOS2, mode=CMSIS_V2, owner=FREERTOS_M7
2023-03-11 22:06:56,192 [INFO] RtosManager:555 - Registered RTOS mode: class=RTOS, group=Core, mode=CMSIS_V1, owner=FREERTOS_M7
2023-03-11 22:06:56,192 [INFO] RtosManager:555 - Registered RTOS mode: class=RTOS, group=Core, mode=CMSIS_V2, owner=FREERTOS_M7
2023-03-11 22:06:56,192 [WARN] ModelIntegratedComponent:184 - Missing modes for component STMicroelectronics:FreeRTOS:0.0.1:STMicroelectronics:RTOS:FreeRTOS:Core:::10.2.0:
2023-03-11 22:06:56,192 [WARN] ModelIntegratedComponent:63 - No mode defined for component null
2023-03-11 22:06:56,192 [WARN] ModelIntegratedComponent:63 - No mode defined for component null
2023-03-11 22:06:56,192 [WARN] ModelIntegratedComponent:63 - No mode defined for component null
2023-03-11 22:06:56,192 [WARN] ModelIntegratedComponent:63 - No mode defined for component null
2023-03-11 22:06:56,192 [WARN] ModelIntegratedComponent:63 - No mode defined for component null
2023-03-11 22:06:56,192 [WARN] ModelIntegratedComponent:63 - No mode defined for component null
2023-03-11 22:06:56,192 [WARN] ModelIntegratedComponent:63 - No mode defined for component null
2023-03-11 22:06:56,192 [WARN] ModelIntegratedComponent:63 - No mode defined for component null
2023-03-11 22:06:56,192 [WARN] ModelIntegratedComponent:63 - No mode defined for component null
2023-03-11 22:06:56,192 [WARN] ModelIntegratedComponent:63 - No mode defined for component null
2023-03-11 22:06:56,192 [WARN] ModelIntegratedComponent:63 - No mode defined for component null
2023-03-11 22:06:56,192 [WARN] ModelIntegratedComponent:63 - No mode defined for component null
2023-03-11 22:06:56,192 [WARN] ModelIntegratedComponent:63 - No mode defined for component null
2023-03-11 22:06:56,192 [WARN] ModelIntegratedComponent:63 - No mode defined for component null
2023-03-11 22:06:56,192 [WARN] ModelIntegratedComponent:63 - No mode defined for component null
2023-03-11 22:06:56,192 [WARN] ModelIntegratedComponent:63 - No mode defined for component null
2023-03-11 22:06:56,192 [WARN] ModelIntegratedComponent:63 - No mode defined for component null
2023-03-11 22:06:56,192 [WARN] ModelIntegratedComponent:63 - No mode defined for component null
2023-03-11 22:06:56,192 [WARN] ModelIntegratedComponent:63 - No mode defined for component null
2023-03-11 22:06:56,192 [WARN] ModelIntegratedComponent:63 - No mode defined for component null
2023-03-11 22:06:56,192 [WARN] ModelIntegratedComponent:63 - No mode defined for component null
2023-03-11 22:06:56,192 [WARN] ModelIntegratedComponent:63 - No mode defined for component null
2023-03-11 22:06:56,192 [WARN] ModelIntegratedComponent:63 - No mode defined for component null
2023-03-11 22:06:56,192 [WARN] ModelIntegratedComponent:63 - No mode defined for component null
2023-03-11 22:06:56,192 [WARN] ModelIntegratedComponent:63 - No mode defined for component null
2023-03-11 22:06:56,192 [WARN] ModelIntegratedComponent:63 - No mode defined for component null
2023-03-11 22:06:56,192 [WARN] ModelIntegratedComponent:63 - No mode defined for component null
2023-03-11 22:06:56,192 [WARN] ModelIntegratedComponent:63 - No mode defined for component null
2023-03-11 22:06:56,192 [WARN] ModelIntegratedComponent:63 - No mode defined for component null
2023-03-11 22:06:56,192 [WARN] ModelIntegratedComponent:63 - No mode defined for component null
2023-03-11 22:06:56,192 [WARN] ModelIntegratedComponent:63 - No mode defined for component null
2023-03-11 22:06:56,192 [WARN] ModelIntegratedComponent:63 - No mode defined for component null
2023-03-11 22:06:56,192 [WARN] ModelIntegratedComponent:63 - No mode defined for component null
2023-03-11 22:06:56,318 [INFO] RtosManager:555 - Registered RTOS mode: class=CMSIS, group=RTOS, mode=CMSIS_V1, owner=FREERTOS_M4
2023-03-11 22:06:56,318 [INFO] RtosManager:555 - Registered RTOS mode: class=CMSIS, group=RTOS2, mode=CMSIS_V2, owner=FREERTOS_M4
2023-03-11 22:06:56,318 [INFO] RtosManager:555 - Registered RTOS mode: class=RTOS, group=Core, mode=CMSIS_V1, owner=FREERTOS_M4
2023-03-11 22:06:56,318 [INFO] RtosManager:555 - Registered RTOS mode: class=RTOS, group=Core, mode=CMSIS_V2, owner=FREERTOS_M4
2023-03-11 22:06:56,318 [WARN] ModelIntegratedComponent:184 - Missing modes for component STMicroelectronics:FreeRTOS:0.0.1:STMicroelectronics:RTOS:FreeRTOS:Core:::10.2.0:
2023-03-11 22:06:56,318 [WARN] ModelIntegratedComponent:63 - No mode defined for component null
2023-03-11 22:06:56,318 [WARN] ModelIntegratedComponent:63 - No mode defined for component null
2023-03-11 22:06:56,318 [WARN] ModelIntegratedComponent:63 - No mode defined for component null
2023-03-11 22:06:56,318 [WARN] ModelIntegratedComponent:63 - No mode defined for component null
2023-03-11 22:06:56,318 [WARN] ModelIntegratedComponent:63 - No mode defined for component null
2023-03-11 22:06:56,318 [WARN] ModelIntegratedComponent:63 - No mode defined for component null
2023-03-11 22:06:56,318 [WARN] ModelIntegratedComponent:63 - No mode defined for component null
2023-03-11 22:06:56,318 [WARN] ModelIntegratedComponent:63 - No mode defined for component null
2023-03-11 22:06:56,318 [WARN] ModelIntegratedComponent:63 - No mode defined for component null
2023-03-11 22:06:56,318 [WARN] ModelIntegratedComponent:63 - No mode defined for component null
2023-03-11 22:06:56,318 [WARN] ModelIntegratedComponent:63 - No mode defined for component null
2023-03-11 22:06:56,318 [WARN] ModelIntegratedComponent:63 - No mode defined for component null
2023-03-11 22:06:56,318 [WARN] ModelIntegratedComponent:63 - No mode defined for component null
2023-03-11 22:06:56,318 [WARN] ModelIntegratedComponent:63 - No mode defined for component null
2023-03-11 22:06:56,318 [WARN] ModelIntegratedComponent:63 - No mode defined for component null
2023-03-11 22:06:56,318 [WARN] ModelIntegratedComponent:63 - No mode defined for component null
2023-03-11 22:06:56,318 [WARN] ModelIntegratedComponent:63 - No mode defined for component null
2023-03-11 22:06:56,318 [WARN] ModelIntegratedComponent:63 - No mode defined for component null
2023-03-11 22:06:56,318 [WARN] ModelIntegratedComponent:63 - No mode defined for component null
2023-03-11 22:06:56,318 [WARN] ModelIntegratedComponent:63 - No mode defined for component null
2023-03-11 22:06:56,318 [WARN] ModelIntegratedComponent:63 - No mode defined for component null
2023-03-11 22:06:56,318 [WARN] ModelIntegratedComponent:63 - No mode defined for component null
2023-03-11 22:06:56,318 [WARN] ModelIntegratedComponent:63 - No mode defined for component null
2023-03-11 22:06:56,318 [WARN] ModelIntegratedComponent:63 - No mode defined for component null
2023-03-11 22:06:56,318 [WARN] ModelIntegratedComponent:63 - No mode defined for component null
2023-03-11 22:06:56,318 [WARN] ModelIntegratedComponent:63 - No mode defined for component null
2023-03-11 22:06:56,318 [WARN] ModelIntegratedComponent:63 - No mode defined for component null
2023-03-11 22:06:56,318 [WARN] ModelIntegratedComponent:63 - No mode defined for component null
2023-03-11 22:06:56,318 [WARN] ModelIntegratedComponent:63 - No mode defined for component null
2023-03-11 22:06:56,318 [WARN] ModelIntegratedComponent:63 - No mode defined for component null
2023-03-11 22:06:56,318 [WARN] ModelIntegratedComponent:63 - No mode defined for component null
2023-03-11 22:06:56,318 [WARN] ModelIntegratedComponent:63 - No mode defined for component null
2023-03-11 22:06:56,318 [WARN] ModelIntegratedComponent:63 - No mode defined for component null
2023-03-11 22:06:56,412 [INFO] ThirdPartyModel:298 - Start build external matchings
2023-03-11 22:06:56,819 [INFO] ThirdPartyModel:316 - End build external matchings
2023-03-11 22:06:56,819 [INFO] ThirdPartyModel:298 - Start build external matchings
2023-03-11 22:06:57,212 [INFO] ThirdPartyModel:316 - End build external matchings
2023-03-11 22:06:57,212 [INFO] ImportTextPane:194 - (OptionalMessage_ERROR) IP (RCC) : Parameter (DFSDMACLkFreq_Value) has invalid value (480000000)
2023-03-11 22:06:57,227 [INFO] ImportTextPane:194 - (OptionalMessage_ERROR) IP (RCC) : Parameter (FDCANFreq_Value) has invalid value (480000000)
2023-03-11 22:06:57,227 [INFO] ImportTextPane:194 - (OptionalMessage_ERROR) IP (RCC) : Invalid parameter (FamilyName)
2023-03-11 22:06:57,227 [INFO] ImportTextPane:194 - (OptionalMessage_ERROR) IP (RCC) : Parameter (SAI1Freq_Value) has invalid value (480000000)
2023-03-11 22:06:57,227 [INFO] ImportTextPane:194 - (OptionalMessage_ERROR) IP (RCC) : Parameter (SAI23Freq_Value) has invalid value (480000000)
2023-03-11 22:06:57,227 [INFO] ImportTextPane:194 - (OptionalMessage_ERROR) IP (RCC) : Parameter (SAI4AFreq_Value) has invalid value (480000000)
2023-03-11 22:06:57,227 [INFO] ImportTextPane:194 - (OptionalMessage_ERROR) IP (RCC) : Parameter (SAI4BFreq_Value) has invalid value (480000000)
2023-03-11 22:06:57,227 [INFO] ImportTextPane:194 - (OptionalMessage_ERROR) IP (RCC) : Parameter (SDMMCFreq_Value) has invalid value (480000000)
2023-03-11 22:06:57,227 [INFO] ImportTextPane:194 - (OptionalMessage_ERROR) IP (RCC) : Parameter (SPDIFRXFreq_Value) has invalid value (480000000)
2023-03-11 22:06:57,227 [INFO] ImportTextPane:194 - (OptionalMessage_ERROR) IP (RCC) : Parameter (SPI123Freq_Value) has invalid value (480000000)
2023-03-11 22:06:57,227 [INFO] ImportTextPane:194 - (OptionalMessage_ERROR) IP (RCC) : Parameter (USBFreq_Value) has invalid value (480000000)
2023-03-11 22:06:57,355 [INFO] UtilMem:75 - End LoadConfig() Used Memory: 669675208 Bytes (1032847360)
2023-03-11 22:06:57,385 [WARN] ThirdParty:833 - waiting for thirdparty lock release [change project]
2023-03-11 22:06:57,385 [INFO] ThirdParty:835 - entering critical section [change project]
2023-03-11 22:06:57,385 [INFO] ThirdParty:1030 - CMSIS Pack Vendor :STMicroelectronics X-CUBE-ISPU 1.1.0
2023-03-11 22:06:57,385 [INFO] ThirdParty:1030 - CMSIS Pack Vendor :RoweBots I-CUBE-UNISONRTOS 5.5.0-4
2023-03-11 22:06:57,385 [INFO] ThirdParty:1030 - CMSIS Pack Vendor :STMicroelectronics X-CUBE-GNSS1 6.0.0
2023-03-11 22:06:57,385 [INFO] ThirdParty:1030 - CMSIS Pack Vendor :STMicroelectronics USB_HOST 2.0.0
2023-03-11 22:06:57,385 [INFO] ThirdParty:1030 - CMSIS Pack Vendor :STMicroelectronics X-CUBE-AZRTOS-F4 1.1.0
2023-03-11 22:06:57,385 [INFO] ThirdParty:1030 - CMSIS Pack Vendor :STMicroelectronics LIBJPEG 8.0.0
2023-03-11 22:06:57,385 [INFO] ThirdParty:1030 - CMSIS Pack Vendor :STMicroelectronics USB_DEVICE 3.0.0
2023-03-11 22:06:57,385 [INFO] ThirdParty:1030 - CMSIS Pack Vendor :STMicroelectronics X-CUBE-AI 8.0.0
2023-03-11 22:06:57,385 [INFO] ThirdParty:1030 - CMSIS Pack Vendor :STMicroelectronics X-CUBE-FREERTOS 1.0.0
2023-03-11 22:06:57,385 [INFO] ThirdParty:1030 - CMSIS Pack Vendor :STMicroelectronics X-CUBE-TOUCHGFX 4.21.1
2023-03-11 22:06:57,385 [INFO] ThirdParty:1030 - CMSIS Pack Vendor :STMicroelectronics X-CUBE-TOUCHGFX 4.21.0
2023-03-11 22:06:57,385 [INFO] ThirdParty:1030 - CMSIS Pack Vendor :STMicroelectronics X-CUBE-AZRTOS-F7 1.1.0
2023-03-11 22:06:57,385 [INFO] ThirdParty:1030 - CMSIS Pack Vendor :STMicroelectronics X-CUBE-MEMS1 9.4.0
2023-03-11 22:06:57,385 [INFO] ThirdParty:1030 - CMSIS Pack Vendor :STMicroelectronics USB_DEVICE 2.0.0
2023-03-11 22:06:57,385 [INFO] ThirdParty:1030 - CMSIS Pack Vendor :STMicroelectronics X-CUBE-AI 7.3.0
2023-03-11 22:06:57,385 [INFO] ThirdParty:1030 - CMSIS Pack Vendor :STMicroelectronics X-CUBE-ALGOBUILD 1.3.0
2023-03-11 22:06:57,385 [INFO] ThirdParty:1030 - CMSIS Pack Vendor :STMicroelectronics X-CUBE-BLE1 6.2.4
2023-03-11 22:06:57,385 [INFO] ThirdParty:1030 - CMSIS Pack Vendor :STMicroelectronics X-CUBE-AZRTOS-L5 1.1.0
2023-03-11 22:06:57,385 [INFO] ThirdParty:1030 - CMSIS Pack Vendor :STMicroelectronics FreeRTOS 0.0.1
2023-03-11 22:06:57,385 [INFO] ThirdParty:1030 - CMSIS Pack Vendor :emotas I-CUBE-CANOPEN 1.1.3
2023-03-11 22:06:57,385 [INFO] ThirdParty:1030 - CMSIS Pack Vendor :STMicroelectronics X-CUBE-AZRTOS-G0 1.1.0
2023-03-11 22:06:57,385 [INFO] ThirdParty:1030 - CMSIS Pack Vendor :STMicroelectronics X-CUBE-BLEMGR 2.0.0
2023-03-11 22:06:57,385 [INFO] ThirdParty:1030 - CMSIS Pack Vendor :STMicroelectronics X-CUBE-SUBG2 5.0.0
2023-03-11 22:06:57,385 [INFO] ThirdParty:1030 - CMSIS Pack Vendor :STMicroelectronics X-CUBE-NFC4 3.0.0
2023-03-11 22:06:57,385 [INFO] ThirdParty:1030 - CMSIS Pack Vendor :STMicroelectronics STM32_WPAN 1.0.0
2023-03-11 22:06:57,385 [INFO] ThirdParty:1030 - CMSIS Pack Vendor :STMicroelectronics lwIP 2.0.3
2023-03-11 22:06:57,385 [INFO] ThirdParty:1030 - CMSIS Pack Vendor :STMicroelectronics X-CUBE-NFC4 2.0.5
2023-03-11 22:06:57,385 [INFO] ThirdParty:1030 - CMSIS Pack Vendor :STMicroelectronics USB_HOST 1.0.0
2023-03-11 22:06:57,385 [INFO] ThirdParty:1030 - CMSIS Pack Vendor :STMicroelectronics PDM2PCM 3.1.0
2023-03-11 22:06:57,385 [INFO] ThirdParty:1030 - CMSIS Pack Vendor :STMicroelectronics FP-ATR-ASTRA1 1.1.1
2023-03-11 22:06:57,385 [INFO] ThirdParty:1030 - CMSIS Pack Vendor :STMicroelectronics PDM2PCM 3.3.0
2023-03-11 22:06:57,385 [INFO] ThirdParty:1030 - CMSIS Pack Vendor :STMicroelectronics X-CUBE-DISPLAY 3.0.0
2023-03-11 22:06:57,385 [INFO] ThirdParty:1030 - CMSIS Pack Vendor :STMicroelectronics X-CUBE-BLEMGR 1.3.0
2023-03-11 22:06:57,385 [INFO] ThirdParty:1030 - CMSIS Pack Vendor :wolfSSL I-CUBE-wolfSSL 5.5.3
2023-03-11 22:06:57,385 [INFO] ThirdParty:1030 - CMSIS Pack Vendor :STMicroelectronics X-CUBE-AZRTOS-G4 1.0.0
2023-03-11 22:06:57,385 [INFO] ThirdParty:1030 - CMSIS Pack Vendor :STMicroelectronics FP-ATR-SIGFOX1 3.2.0
2023-03-11 22:06:57,385 [INFO] ThirdParty:1030 - CMSIS Pack Vendor :wolfSSL I-CUBE-wolfSSL 5.5.4
2023-03-11 22:06:57,385 [INFO] ThirdParty:1030 - CMSIS Pack Vendor :STMicroelectronics X-CUBE-AZRTOS-L4 1.0.0
2023-03-11 22:06:57,385 [INFO] ThirdParty:1030 - CMSIS Pack Vendor :STMicroelectronics HAL Drivers 0.0.0
2023-03-11 22:06:57,385 [INFO] ThirdParty:1030 - CMSIS Pack Vendor :STMicroelectronics MBEDTLS 2.16.2
2023-03-11 22:06:57,385 [INFO] ThirdParty:1030 - CMSIS Pack Vendor :STMicroelectronics MBEDTLS 2.14.1
2023-03-11 22:06:57,385 [INFO] ThirdParty:1030 - CMSIS Pack Vendor :STMicroelectronics X-CUBE-NFC7 1.0.0
2023-03-11 22:06:57,385 [INFO] ThirdParty:1030 - CMSIS Pack Vendor :STMicroelectronics X-CUBE-AZRTOS-WL 1.0.0
2023-03-11 22:06:57,385 [INFO] ThirdParty:1030 - CMSIS Pack Vendor :STMicroelectronics X-CUBE-MEMS1 9.3.0
2023-03-11 22:06:57,385 [INFO] ThirdParty:1030 - CMSIS Pack Vendor :STMicroelectronics X-CUBE-EEPRMA1 4.1.0
2023-03-11 22:06:57,385 [INFO] ThirdParty:1030 - CMSIS Pack Vendor :portGmbH I-Cube-SoM-uGOAL 1.1.0
2023-03-11 22:06:57,385 [INFO] ThirdParty:1030 - CMSIS Pack Vendor :STMicroelectronics X-CUBE-ALS 1.0.1
2023-03-11 22:06:57,385 [INFO] ThirdParty:1030 - CMSIS Pack Vendor :STMicroelectronics X-CUBE-MEMS1 9.5.0
2023-03-11 22:06:57,385 [INFO] ThirdParty:1030 - CMSIS Pack Vendor :STMicroelectronics ThreadX 1.0.0
2023-03-11 22:06:57,385 [INFO] ThirdParty:1030 - CMSIS Pack Vendor :STMicroelectronics X-CUBE-AZRTOS-WB 1.1.0
2023-03-11 22:06:57,385 [INFO] ThirdParty:1030 - CMSIS Pack Vendor :SEGGER I-CUBE-embOS 1.3.1
2023-03-11 22:06:57,385 [INFO] ThirdParty:1030 - CMSIS Pack Vendor :STMicroelectronics USB_DEVICE 1.0.0
2023-03-11 22:06:57,385 [INFO] ThirdParty:1030 - CMSIS Pack Vendor :SEGGER I-CUBE-embOS 1.3.0
2023-03-11 22:06:57,385 [INFO] ThirdParty:1030 - CMSIS Pack Vendor :STMicroelectronics ThreadX 0.0.2
2023-03-11 22:06:57,385 [INFO] ThirdParty:1030 - CMSIS Pack Vendor :WES I-CUBE-Cesium 1.3.0
2023-03-11 22:06:57,385 [INFO] ThirdParty:1030 - CMSIS Pack Vendor :STMicroelectronics lwIP 2.1.2
2023-03-11 22:06:57,385 [INFO] ThirdParty:1030 - CMSIS Pack Vendor :STMicroelectronics X-CUBE-SFXS2LP1 4.0.0
2023-03-11 22:06:57,385 [INFO] ThirdParty:1030 - CMSIS Pack Vendor :STMicroelectronics X-CUBE-BLE2 3.3.0
2023-03-11 22:06:57,385 [INFO] ThirdParty:1030 - CMSIS Pack Vendor :STMicroelectronics X-CUBE-DISPLAY 2.2.0
2023-03-11 22:06:57,385 [INFO] ThirdParty:1030 - CMSIS Pack Vendor :STMicroelectronics X-CUBE-TOF1 3.2.0
2023-03-11 22:06:57,385 [INFO] ThirdParty:1030 - CMSIS Pack Vendor :STMicroelectronics PDM2PCM 3.2.0
2023-03-11 22:06:57,385 [INFO] ThirdParty:1030 - CMSIS Pack Vendor :STMicroelectronics X-CUBE-AZRTOS-H7 3.0.0
2023-03-11 22:06:57,385 [INFO] ThirdParty:841 - exiting critical section [change project]
2023-03-11 22:06:57,808 [INFO] PinOutPanel:1499 - setPackage(No Configuration,No Configuration)
2023-03-11 22:06:57,808 [INFO] PinOutPanel:1499 - setPackage(STM32H745ZITx,LQFP144)
2023-03-11 22:06:58,326 [INFO] UtilMem:75 - Before build in PCC Used Memory: 800476160 Bytes (1032847360)
2023-03-11 22:06:58,577 [INFO] UtilMem:75 - After build in PCC Used Memory: 679363584 Bytes (1032847360)
2023-03-11 22:06:58,608 [INFO] IPUIPlugin:80 - create IPUIPlugin
2023-03-11 22:06:58,608 [INFO] IPUIPlugin:80 - create IPUIPlugin
2023-03-11 22:06:58,608 [INFO] IPUIPlugin:80 - create IPUIPlugin
2023-03-11 22:06:58,608 [INFO] IPUIPlugin:80 - create IPUIPlugin
2023-03-11 22:06:58,608 [INFO] IPUIPlugin:80 - create IPUIPlugin
2023-03-11 22:06:58,608 [INFO] IPUIPlugin:80 - create IPUIPlugin
2023-03-11 22:06:58,608 [INFO] IPUIPlugin:80 - create IPUIPlugin
2023-03-11 22:06:58,608 [INFO] IPUIPlugin:80 - create IPUIPlugin
2023-03-11 22:06:58,608 [INFO] IPUIPlugin:80 - create IPUIPlugin
2023-03-11 22:06:58,608 [INFO] IPUIPlugin:80 - create IPUIPlugin
2023-03-11 22:06:58,608 [INFO] IPUIPlugin:80 - create IPUIPlugin
2023-03-11 22:06:58,608 [INFO] IPUIPlugin:80 - create IPUIPlugin
2023-03-11 22:06:58,608 [INFO] IPUIPlugin:80 - create IPUIPlugin
2023-03-11 22:06:58,608 [INFO] IPUIPlugin:80 - create IPUIPlugin
2023-03-11 22:06:58,608 [INFO] IPUIPlugin:80 - create IPUIPlugin
2023-03-11 22:06:58,608 [INFO] IPUIPlugin:80 - create IPUIPlugin
2023-03-11 22:06:58,608 [INFO] IPUIPlugin:80 - create IPUIPlugin
2023-03-11 22:06:58,608 [INFO] IPUIPlugin:80 - create IPUIPlugin
2023-03-11 22:06:58,608 [INFO] IPUIPlugin:80 - create IPUIPlugin
2023-03-11 22:06:58,608 [INFO] IPUIPlugin:80 - create IPUIPlugin
2023-03-11 22:06:58,608 [INFO] IPUIPlugin:80 - create IPUIPlugin
2023-03-11 22:06:58,608 [INFO] IPUIPlugin:80 - create IPUIPlugin
2023-03-11 22:06:58,608 [INFO] IPUIPlugin:80 - create IPUIPlugin
2023-03-11 22:06:58,608 [INFO] IPUIPlugin:80 - create IPUIPlugin
2023-03-11 22:06:58,608 [INFO] IPUIPlugin:80 - create IPUIPlugin
2023-03-11 22:06:58,608 [INFO] IPUIPlugin:80 - create IPUIPlugin
2023-03-11 22:06:58,608 [INFO] IPUIPlugin:80 - create IPUIPlugin
2023-03-11 22:06:58,608 [INFO] IPUIPlugin:80 - create IPUIPlugin
2023-03-11 22:06:58,608 [INFO] IPUIPlugin:80 - create IPUIPlugin
2023-03-11 22:06:58,608 [INFO] IPUIPlugin:80 - create IPUIPlugin
2023-03-11 22:06:58,608 [INFO] IPUIPlugin:80 - create IPUIPlugin
2023-03-11 22:06:58,608 [INFO] IPUIPlugin:80 - create IPUIPlugin
2023-03-11 22:06:58,608 [INFO] IPUIPlugin:80 - create IPUIPlugin
2023-03-11 22:06:58,608 [INFO] IPUIPlugin:80 - create IPUIPlugin
2023-03-11 22:06:58,608 [INFO] IPUIPlugin:80 - create IPUIPlugin
2023-03-11 22:06:58,608 [INFO] IPUIPlugin:80 - create IPUIPlugin
2023-03-11 22:06:58,608 [INFO] IPUIPlugin:80 - create IPUIPlugin
2023-03-11 22:06:58,608 [INFO] IPUIPlugin:80 - create IPUIPlugin
2023-03-11 22:06:58,608 [INFO] IPUIPlugin:80 - create IPUIPlugin
2023-03-11 22:06:58,608 [INFO] IPUIPlugin:80 - create IPUIPlugin
2023-03-11 22:06:58,608 [INFO] IPUIPlugin:80 - create IPUIPlugin
2023-03-11 22:06:58,608 [INFO] IPUIPlugin:80 - create IPUIPlugin
2023-03-11 22:06:58,608 [INFO] IPUIPlugin:80 - create IPUIPlugin
2023-03-11 22:06:58,608 [INFO] IPUIPlugin:80 - create IPUIPlugin
2023-03-11 22:06:58,608 [INFO] IPUIPlugin:80 - create IPUIPlugin
2023-03-11 22:06:58,608 [INFO] IPUIPlugin:80 - create IPUIPlugin
2023-03-11 22:06:58,608 [INFO] IPUIPlugin:80 - create IPUIPlugin
2023-03-11 22:06:58,608 [INFO] IPUIPlugin:80 - create IPUIPlugin
2023-03-11 22:06:58,608 [INFO] IPUIPlugin:80 - create IPUIPlugin
2023-03-11 22:06:58,608 [INFO] IPUIPlugin:80 - create IPUIPlugin
2023-03-11 22:06:58,608 [INFO] IPUIPlugin:80 - create IPUIPlugin
2023-03-11 22:06:58,608 [INFO] IPUIPlugin:80 - create IPUIPlugin
2023-03-11 22:06:58,608 [INFO] IPUIPlugin:80 - create IPUIPlugin
2023-03-11 22:06:58,608 [INFO] IPUIPlugin:80 - create IPUIPlugin
2023-03-11 22:06:58,608 [INFO] IPUIPlugin:80 - create IPUIPlugin
2023-03-11 22:06:58,608 [INFO] IPUIPlugin:80 - create IPUIPlugin
2023-03-11 22:06:58,608 [INFO] IPUIPlugin:80 - create IPUIPlugin
2023-03-11 22:06:58,608 [INFO] IPUIPlugin:80 - create IPUIPlugin
2023-03-11 22:06:58,608 [INFO] IPUIPlugin:80 - create IPUIPlugin
2023-03-11 22:06:58,608 [INFO] IPUIPlugin:80 - create IPUIPlugin
2023-03-11 22:06:58,608 [INFO] IPUIPlugin:80 - create IPUIPlugin
2023-03-11 22:06:58,608 [INFO] IPUIPlugin:80 - create IPUIPlugin
2023-03-11 22:06:58,608 [INFO] IPUIPlugin:80 - create IPUIPlugin
2023-03-11 22:06:58,608 [INFO] IPUIPlugin:80 - create IPUIPlugin
2023-03-11 22:06:58,608 [INFO] IPUIPlugin:80 - create IPUIPlugin
2023-03-11 22:06:58,608 [INFO] IPUIPlugin:80 - create IPUIPlugin
2023-03-11 22:06:58,608 [INFO] IPUIPlugin:80 - create IPUIPlugin
2023-03-11 22:06:58,608 [INFO] IPUIPlugin:80 - create IPUIPlugin
2023-03-11 22:06:58,608 [INFO] IPUIPlugin:80 - create IPUIPlugin
2023-03-11 22:06:58,608 [INFO] IPUIPlugin:80 - create IPUIPlugin
2023-03-11 22:06:58,608 [INFO] IPUIPlugin:80 - create IPUIPlugin
2023-03-11 22:06:58,608 [INFO] IPUIPlugin:80 - create IPUIPlugin
2023-03-11 22:06:58,608 [INFO] IPUIPlugin:80 - create IPUIPlugin
2023-03-11 22:06:58,608 [INFO] IPUIPlugin:80 - create IPUIPlugin
2023-03-11 22:06:58,608 [INFO] IPUIPlugin:80 - create IPUIPlugin
2023-03-11 22:06:58,608 [INFO] IPUIPlugin:80 - create IPUIPlugin
2023-03-11 22:06:58,624 [INFO] IPUIPlugin:80 - create IPUIPlugin
2023-03-11 22:06:58,624 [INFO] IPUIPlugin:80 - create IPUIPlugin
2023-03-11 22:06:58,624 [INFO] IPUIPlugin:80 - create IPUIPlugin
2023-03-11 22:06:58,624 [INFO] IPUIPlugin:80 - create IPUIPlugin
2023-03-11 22:06:58,624 [INFO] IPUIPlugin:80 - create IPUIPlugin
2023-03-11 22:06:58,624 [INFO] IPUIPlugin:80 - create IPUIPlugin
2023-03-11 22:06:58,624 [INFO] IPUIPlugin:80 - create IPUIPlugin
2023-03-11 22:06:58,624 [INFO] IPUIPlugin:80 - create IPUIPlugin
2023-03-11 22:06:58,624 [INFO] IPUIPlugin:80 - create IPUIPlugin
2023-03-11 22:06:58,624 [INFO] IPUIPlugin:80 - create IPUIPlugin
2023-03-11 22:06:58,624 [INFO] IPUIPlugin:80 - create IPUIPlugin
2023-03-11 22:06:58,624 [INFO] IPUIPlugin:80 - create IPUIPlugin
2023-03-11 22:06:58,624 [INFO] IPUIPlugin:80 - create IPUIPlugin
2023-03-11 22:06:58,624 [INFO] IPUIPlugin:80 - create IPUIPlugin
2023-03-11 22:06:58,624 [INFO] IPUIPlugin:80 - create IPUIPlugin
2023-03-11 22:06:58,624 [INFO] IPUIPlugin:80 - create IPUIPlugin
2023-03-11 22:06:58,624 [INFO] IPUIPlugin:80 - create IPUIPlugin
2023-03-11 22:06:58,624 [INFO] IPUIPlugin:80 - create IPUIPlugin
2023-03-11 22:06:58,624 [INFO] IPUIPlugin:80 - create IPUIPlugin
2023-03-11 22:06:58,624 [INFO] IPUIPlugin:80 - create IPUIPlugin
2023-03-11 22:06:58,624 [INFO] IPUIPlugin:80 - create IPUIPlugin
2023-03-11 22:06:58,624 [INFO] IPUIPlugin:80 - create IPUIPlugin
2023-03-11 22:06:58,624 [INFO] IPUIPlugin:80 - create IPUIPlugin
2023-03-11 22:06:58,624 [INFO] IPUIPlugin:80 - create IPUIPlugin
2023-03-11 22:06:58,624 [INFO] IPUIPlugin:80 - create IPUIPlugin
2023-03-11 22:06:58,624 [INFO] IPUIPlugin:80 - create IPUIPlugin
2023-03-11 22:06:58,624 [INFO] IPUIPlugin:80 - create IPUIPlugin
2023-03-11 22:06:58,624 [INFO] IPUIPlugin:80 - create IPUIPlugin
2023-03-11 22:06:58,624 [INFO] IPUIPlugin:80 - create IPUIPlugin
2023-03-11 22:06:58,624 [INFO] IPUIPlugin:80 - create IPUIPlugin
2023-03-11 22:06:58,624 [INFO] IPUIPlugin:80 - create IPUIPlugin
2023-03-11 22:06:58,624 [INFO] IPUIPlugin:80 - create IPUIPlugin
2023-03-11 22:06:58,624 [INFO] IPUIPlugin:80 - create IPUIPlugin
2023-03-11 22:06:58,624 [INFO] IPUIPlugin:80 - create IPUIPlugin
2023-03-11 22:06:58,640 [INFO] ApiDbMcu:507 - Load IP Config File for PDM2PCM
2023-03-11 22:06:58,640 [INFO] ApiDbMcu:507 - Load IP Config File for PDM2PCM
2023-03-11 22:06:58,657 [INFO] CADModel:165 - CPN selected for project levelSTM32H745ZIT3
2023-03-11 22:06:58,657 [INFO] CADModel:114 - Register for checkConnection events
2023-03-11 22:06:58,703 [INFO] OpenFileManager:328 - Restore cursor
2023-03-11 22:07:03,034 [INFO] UtilMem:75 - End SaveConfig() Used Memory: 650667008 Bytes (1032847360)
2023-03-11 22:07:03,175 [INFO] BlockDiagram:2759 - set Specific Code input for plugin: RCC
2023-03-11 22:07:03,175 [INFO] BlockDiagram:2759 - set Specific Code input for plugin: SYS
2023-03-11 22:07:03,175 [INFO] BlockDiagram:2759 - set Specific Code input for plugin: CORTEX_M7
2023-03-11 22:07:03,175 [INFO] BlockDiagram:2759 - set Specific Code input for plugin: NVIC2
2023-03-11 22:07:03,175 [INFO] BlockDiagram:2759 - set Specific Code input for plugin: DEBUG
2023-03-11 22:07:03,175 [INFO] BlockDiagram:2759 - set Specific Code input for plugin: GPIO
2023-03-11 22:07:03,175 [INFO] BlockDiagram:2759 - set Specific Code input for plugin: SYS_M4
2023-03-11 22:07:03,175 [INFO] BlockDiagram:2759 - set Specific Code input for plugin: NVIC1
2023-03-11 22:07:03,175 [INFO] CodeGenerator:793 - code generatio: config db path: D:\050_STM32\CubeIDE\STM32CubeIDE\plugins\com.st.stm32cube.common.mx_6.8.0.202302231600\\db\
2023-03-11 22:07:03,222 [INFO] CodeGenerator:1496 - *******************Project context M7 selected
2023-03-11 22:07:03,332 [INFO] CodeEngine:255 - oldGeneratedFile, D:\__GitHub\nucleoH745\STM32CubeIDE\001_GPIO_speedTest\MXTmpFiles\license.tmp_save
2023-03-11 22:07:03,395 [INFO] CodeEngine:279 - Generated code: D:\__GitHub\nucleoH745\STM32CubeIDE\001_GPIO_speedTest\MXTmpFiles\license.tmp
2023-03-11 22:07:03,411 [INFO] CodeEngine:255 - oldGeneratedFile, D:\__GitHub\nucleoH745\STM32CubeIDE\001_GPIO_speedTest\CM7\Core\Src\gpio.c_save
2023-03-11 22:07:03,473 [INFO] CodeEngine:279 - Generated code: D:\__GitHub\nucleoH745\STM32CubeIDE\001_GPIO_speedTest\CM7\Core\Src\gpio.c
2023-03-11 22:07:03,473 [INFO] CodeEngine:255 - oldGeneratedFile, D:\__GitHub\nucleoH745\STM32CubeIDE\001_GPIO_speedTest\CM7\Core\Inc\gpio.h_save
2023-03-11 22:07:03,520 [INFO] CodeEngine:279 - Generated code: D:\__GitHub\nucleoH745\STM32CubeIDE\001_GPIO_speedTest\CM7\Core\Inc\gpio.h
2023-03-11 22:07:03,536 [WARN] IPConfigManager:99 - WARNING: Missing Config File for DEBUG ip!!
2023-03-11 22:07:03,552 [WARN] IPConfigManager:99 - WARNING: Missing Config File for NVIC1 ip!!
2023-03-11 22:07:03,568 [INFO] CodeEngine:255 - oldGeneratedFile, D:\__GitHub\nucleoH745\STM32CubeIDE\001_GPIO_speedTest\CM7\MXTmpFiles\cortex.tmp_save
2023-03-11 22:07:03,665 [INFO] CodeEngine:279 - Generated code: D:\__GitHub\nucleoH745\STM32CubeIDE\001_GPIO_speedTest\CM7\MXTmpFiles\cortex.tmp
2023-03-11 22:07:03,681 [INFO] CodeEngine:255 - oldGeneratedFile, D:\__GitHub\nucleoH745\STM32CubeIDE\001_GPIO_speedTest\CM7\Core\Src\stm32h7xx_it.c_save
2023-03-11 22:07:03,772 [INFO] CodeEngine:279 - Generated code: D:\__GitHub\nucleoH745\STM32CubeIDE\001_GPIO_speedTest\CM7\Core\Src\stm32h7xx_it.c
2023-03-11 22:07:03,772 [INFO] CodeEngine:255 - oldGeneratedFile, D:\__GitHub\nucleoH745\STM32CubeIDE\001_GPIO_speedTest\CM7\Core\Inc\stm32h7xx_it.h_save
2023-03-11 22:07:03,819 [INFO] CodeEngine:279 - Generated code: D:\__GitHub\nucleoH745\STM32CubeIDE\001_GPIO_speedTest\CM7\Core\Inc\stm32h7xx_it.h
2023-03-11 22:07:03,850 [INFO] CodeEngine:255 - oldGeneratedFile, D:\__GitHub\nucleoH745\STM32CubeIDE\001_GPIO_speedTest\CM7\Core\Src\stm32h7xx_hal_msp.c_save
2023-03-11 22:07:03,913 [INFO] CodeEngine:279 - Generated code: D:\__GitHub\nucleoH745\STM32CubeIDE\001_GPIO_speedTest\CM7\Core\Src\stm32h7xx_hal_msp.c
2023-03-11 22:07:03,913 [INFO] CodeEngine:255 - oldGeneratedFile, D:\__GitHub\nucleoH745\STM32CubeIDE\001_GPIO_speedTest\CM7\MXTmpFiles\system.tmp_save
2023-03-11 22:07:03,966 [INFO] CodeEngine:279 - Generated code: D:\__GitHub\nucleoH745\STM32CubeIDE\001_GPIO_speedTest\CM7\MXTmpFiles\system.tmp
2023-03-11 22:07:03,976 [INFO] CodeEngine:311 - oldGeneratedFile, D:\__GitHub\nucleoH745\STM32CubeIDE\001_GPIO_speedTest\CM7\Core\Inc\stm32h7xx_hal_conf.h_save
2023-03-11 22:07:04,054 [INFO] CodeEngine:335 - Generated code: D:\__GitHub\nucleoH745\STM32CubeIDE\001_GPIO_speedTest\CM7\Core\Inc\stm32h7xx_hal_conf.h
2023-03-11 22:07:04,085 [INFO] CodeEngine:255 - oldGeneratedFile, D:\__GitHub\nucleoH745\STM32CubeIDE\001_GPIO_speedTest\CM7\Core\Inc\main.h_save
2023-03-11 22:07:04,148 [INFO] CodeEngine:279 - Generated code: D:\__GitHub\nucleoH745\STM32CubeIDE\001_GPIO_speedTest\CM7\Core\Inc\main.h
2023-03-11 22:07:04,148 [INFO] CodeEngine:255 - oldGeneratedFile, D:\__GitHub\nucleoH745\STM32CubeIDE\001_GPIO_speedTest\CM7\Core\Src\main.c_save
2023-03-11 22:07:04,226 [INFO] CodeEngine:279 - Generated code: D:\__GitHub\nucleoH745\STM32CubeIDE\001_GPIO_speedTest\CM7\Core\Src\main.c
2023-03-11 22:07:04,336 [INFO] CodeGenerator:1496 - *******************Project context M4 selected
2023-03-11 22:07:04,430 [INFO] CodeEngine:255 - oldGeneratedFile, D:\__GitHub\nucleoH745\STM32CubeIDE\001_GPIO_speedTest\MXTmpFiles\license.tmp_save
2023-03-11 22:07:04,509 [INFO] CodeEngine:279 - Generated code: D:\__GitHub\nucleoH745\STM32CubeIDE\001_GPIO_speedTest\MXTmpFiles\license.tmp
2023-03-11 22:07:04,509 [WARN] IPConfigManager:99 - WARNING: Missing Config File for DEBUG ip!!
2023-03-11 22:07:04,540 [WARN] IPConfigManager:99 - WARNING: Missing Config File for NVIC2 ip!!
2023-03-11 22:07:04,556 [INFO] CodeEngine:255 - oldGeneratedFile, D:\__GitHub\nucleoH745\STM32CubeIDE\001_GPIO_speedTest\CM4\MXTmpFiles\cortex.tmp_save
2023-03-11 22:07:04,619 [INFO] CodeEngine:279 - Generated code: D:\__GitHub\nucleoH745\STM32CubeIDE\001_GPIO_speedTest\CM4\MXTmpFiles\cortex.tmp
2023-03-11 22:07:04,634 [INFO] CodeEngine:255 - oldGeneratedFile, D:\__GitHub\nucleoH745\STM32CubeIDE\001_GPIO_speedTest\CM4\Core\Src\stm32h7xx_it.c_save
2023-03-11 22:07:04,697 [INFO] CodeEngine:279 - Generated code: D:\__GitHub\nucleoH745\STM32CubeIDE\001_GPIO_speedTest\CM4\Core\Src\stm32h7xx_it.c
2023-03-11 22:07:04,697 [INFO] CodeEngine:255 - oldGeneratedFile, D:\__GitHub\nucleoH745\STM32CubeIDE\001_GPIO_speedTest\CM4\Core\Inc\stm32h7xx_it.h_save
2023-03-11 22:07:04,744 [INFO] CodeEngine:279 - Generated code: D:\__GitHub\nucleoH745\STM32CubeIDE\001_GPIO_speedTest\CM4\Core\Inc\stm32h7xx_it.h
2023-03-11 22:07:04,768 [INFO] CodeEngine:255 - oldGeneratedFile, D:\__GitHub\nucleoH745\STM32CubeIDE\001_GPIO_speedTest\CM4\Core\Src\stm32h7xx_hal_msp.c_save
2023-03-11 22:07:04,823 [INFO] CodeEngine:279 - Generated code: D:\__GitHub\nucleoH745\STM32CubeIDE\001_GPIO_speedTest\CM4\Core\Src\stm32h7xx_hal_msp.c
2023-03-11 22:07:04,838 [INFO] CodeEngine:255 - oldGeneratedFile, D:\__GitHub\nucleoH745\STM32CubeIDE\001_GPIO_speedTest\CM4\MXTmpFiles\system.tmp_save
2023-03-11 22:07:04,870 [INFO] CodeEngine:279 - Generated code: D:\__GitHub\nucleoH745\STM32CubeIDE\001_GPIO_speedTest\CM4\MXTmpFiles\system.tmp
2023-03-11 22:07:04,885 [INFO] CodeEngine:311 - oldGeneratedFile, D:\__GitHub\nucleoH745\STM32CubeIDE\001_GPIO_speedTest\CM4\Core\Inc\stm32h7xx_hal_conf.h_save
2023-03-11 22:07:04,948 [INFO] CodeEngine:335 - Generated code: D:\__GitHub\nucleoH745\STM32CubeIDE\001_GPIO_speedTest\CM4\Core\Inc\stm32h7xx_hal_conf.h
2023-03-11 22:07:04,968 [INFO] CodeEngine:255 - oldGeneratedFile, D:\__GitHub\nucleoH745\STM32CubeIDE\001_GPIO_speedTest\CM4\Core\Inc\main.h_save
2023-03-11 22:07:05,058 [INFO] CodeEngine:279 - Generated code: D:\__GitHub\nucleoH745\STM32CubeIDE\001_GPIO_speedTest\CM4\Core\Inc\main.h
2023-03-11 22:07:05,058 [INFO] CodeEngine:255 - oldGeneratedFile, D:\__GitHub\nucleoH745\STM32CubeIDE\001_GPIO_speedTest\CM4\Core\Src\main.c_save
2023-03-11 22:07:05,121 [INFO] CodeEngine:279 - Generated code: D:\__GitHub\nucleoH745\STM32CubeIDE\001_GPIO_speedTest\CM4\Core\Src\main.c
2023-03-11 22:07:05,607 [INFO] ProjectBuilder:2996 - Time for Copy HAL[2] : 0mS.
2023-03-11 22:07:05,607 [INFO] ProjectBuilder:4304 - Project Generator version: 3.19.2
2023-03-11 22:07:05,827 [INFO] ConfigFileManager:1483 - The Die is : DIE450
2023-03-11 22:07:07,866 [ERROR] :60 - Project update internal error. Project update process issue: Project is required
2023-03-11 22:07:07,866 [INFO] ProjectBuilder:4505 - Time for Generating toolchain IDE Files: 2259mS.
2023-03-11 22:07:07,866 [INFO] ProjectBuilder:2867 - Time for Copy CMSIS : 0mS.
2023-03-11 22:07:07,866 [INFO] ProjectBuilder:2867 - Time for Copy CMSIS : 0mS.
